2026-04-11 22:07:03,743  INFO  ============================================================
2026-04-11 22:07:03,743  INFO  Phase 1 — Data Collection and Preprocessing
2026-04-11 22:07:03,743  INFO    Output dir       : C:\Users\blafe\OneDrive\Documents\CMSC198.2\cmsc198.2\phase1_output
2026-04-11 22:07:03,743  INFO    Target users     : 1000
2026-04-11 22:07:03,744  INFO    Min events/user  : 100
2026-04-11 22:07:03,744  INFO    Min tag freq     : 5
2026-04-11 22:07:03,744  INFO    Max pages/user   : 5 (~1000 tracks)
2026-04-11 22:07:03,744  INFO  ============================================================
2026-04-11 22:07:03,744  INFO  Tag cache loaded: 0 entries
2026-04-11 22:07:03,745  INFO  Starting snowball from seed 'RJ' (need 1,000 more users)…
2026-04-11 22:08:00,401  INFO  ============================================================
2026-04-11 22:08:00,402  INFO  Phase 1 — Data Collection and Preprocessing
2026-04-11 22:08:00,402  INFO    Output dir       : C:\Users\blafe\OneDrive\Documents\CMSC198.2\cmsc198.2\phase1_output
2026-04-11 22:08:00,402  INFO    Target users     : 1000
2026-04-11 22:08:00,402  INFO    Min events/user  : 100
2026-04-11 22:08:00,402  INFO    Min tag freq     : 5
2026-04-11 22:08:00,403  INFO    Max pages/user   : 2 (~400 tracks)
2026-04-11 22:08:00,403  INFO  ============================================================
2026-04-11 22:08:00,403  INFO  Tag cache loaded: 0 entries
2026-04-11 22:08:00,403  INFO  Starting snowball from seed 'RJ' (need 1,000 more users)…
2026-04-11 22:09:52,639  INFO    Checkpoint: 50 eligible users saved.
2026-04-11 22:12:13,389  INFO    Checkpoint: 100 eligible users saved.
2026-04-11 22:14:20,104  INFO    Checkpoint: 150 eligible users saved.
2026-04-11 22:16:08,927  INFO    Checkpoint: 200 eligible users saved.
2026-04-11 22:17:44,461  INFO    Checkpoint: 250 eligible users saved.
2026-04-11 22:19:28,880  INFO    Checkpoint: 300 eligible users saved.
2026-04-11 22:20:50,953  INFO    Checkpoint: 350 eligible users saved.
2026-04-11 22:23:18,028  INFO    Checkpoint: 400 eligible users saved.
2026-04-11 22:25:36,851  INFO    Checkpoint: 450 eligible users saved.
2026-04-11 22:27:11,346  INFO    Checkpoint: 500 eligible users saved.
2026-04-11 22:28:38,613  INFO    Checkpoint: 550 eligible users saved.
2026-04-11 22:30:44,888  INFO    Checkpoint: 600 eligible users saved.
2026-04-11 22:32:21,122  INFO    Checkpoint: 650 eligible users saved.
2026-04-11 22:34:04,123  INFO    Checkpoint: 700 eligible users saved.
2026-04-11 22:35:52,545  INFO    Checkpoint: 750 eligible users saved.
2026-04-11 22:37:47,930  INFO    Checkpoint: 800 eligible users saved.
2026-04-11 22:40:03,997  INFO    Checkpoint: 850 eligible users saved.
2026-04-11 22:42:47,981  INFO    Checkpoint: 900 eligible users saved.
2026-04-11 22:45:29,031  INFO    Checkpoint: 950 eligible users saved.
2026-04-11 22:47:15,330  INFO    Checkpoint: 1000 eligible users saved.
2026-04-11 22:47:16,196  INFO  Snowball complete. 1,000 eligible users saved to C:\Users\blafe\OneDrive\Documents\CMSC198.2\cmsc198.2\phase1_output\eligible_users.txt
2026-04-11 22:47:16,198  INFO  Collection status:
2026-04-11 22:47:16,198  INFO    Total eligible : 1,000
2026-04-11 22:47:16,199  INFO    Already done   : 0
2026-04-11 22:47:16,199  INFO    Remaining      : 1,000
2026-04-11 22:48:49,654  INFO    [1/1000] RJ: 400 events saved
2026-04-11 22:52:00,646  INFO    [2/1000] Babs_05: 400 events saved
2026-04-11 22:55:51,305  INFO    [3/1000] franhale: 400 events saved
2026-04-11 22:59:44,166  INFO    [4/1000] eartle: 400 events saved
2026-04-11 23:02:18,783  INFO    [5/1000] massdosage: 400 events saved
2026-04-11 23:03:45,235  INFO    [6/1000] Knapster01: 400 events saved
2026-04-11 23:07:36,258  INFO    [7/1000] jonocole: 400 events saved
2026-04-11 23:08:04,264  INFO    [8/1000] isaac: 400 events saved
2026-04-11 23:09:54,649  INFO    [9/1000] lobsterclaw: 400 events saved
2026-04-11 23:12:50,796  INFO    [10/1000] jajo: 400 events saved
2026-04-11 23:14:09,277  INFO    [11/1000] mremond: 400 events saved
2026-04-11 23:17:04,505  INFO    [12/1000] Orlenay: 400 events saved
2026-04-11 23:19:40,444  INFO    [13/1000] Edouard: 400 events saved
2026-04-11 23:24:40,169  INFO    [14/1000] naniel: 400 events saved
2026-04-11 23:27:18,811  INFO    [15/1000] dunk: 400 events saved
2026-04-11 23:32:26,601  INFO    [16/1000] RUPERT: 400 events saved
2026-04-11 23:35:35,846  INFO    [17/1000] mxcl: 400 events saved
2026-04-11 23:36:57,572  INFO    [18/1000] jwheare: 400 events saved
2026-04-11 23:40:20,653  INFO    [19/1000] nancyvw: 400 events saved
2026-04-11 23:43:19,114  INFO    [20/1000] underpangs: 400 events saved
2026-04-11 23:45:22,580  INFO    [21/1000] p_wheel: 400 events saved
2026-04-11 23:47:51,495  INFO    [22/1000] spietsch: 400 events saved
2026-04-11 23:49:00,361  INFO    [23/1000] musicmobs: 400 events saved
2026-04-11 23:49:56,167  INFO    [24/1000] luke_10: 400 events saved
2026-04-11 23:51:59,045  INFO    [25/1000] tgwizard: 400 events saved
2026-04-11 23:51:59,074  INFO    Tag cache flushed (3,087 entries).
2026-04-11 23:54:57,075  INFO    [26/1000] pkeanecbs: 400 events saved
2026-04-11 23:57:06,284  INFO    [27/1000] Roelven: 400 events saved
2026-04-11 23:58:27,439  INFO    [28/1000] BecFrost: 400 events saved
2026-04-12 00:00:48,085  INFO    [29/1000] gracehn001: 400 events saved
2026-04-12 00:05:50,239  INFO    [30/1000] saulklein: 400 events saved
2026-04-12 00:07:52,847  INFO    [31/1000] arrdis: 400 events saved
2026-04-12 00:09:30,958  INFO    [32/1000] jarvis: 400 events saved
2026-04-12 00:11:14,063  INFO    [33/1000] fascinated: 400 events saved
2026-04-12 00:14:54,151  INFO    [34/1000] noirsette: 400 events saved
2026-04-12 00:17:53,372  INFO    [35/1000] marquezmj: 400 events saved
2026-04-12 00:18:24,559  INFO    [36/1000] julians: 400 events saved
2026-04-12 00:20:22,048  INFO    [37/1000] pellitero: 400 events saved
2026-04-12 00:21:22,787  INFO    [38/1000] claoi: 400 events saved
2026-04-12 00:21:35,676  INFO    [39/1000] grazziee: 400 events saved
2026-04-12 00:25:02,519  INFO    [40/1000] clairewkyb: 400 events saved
2026-04-12 00:27:08,572  INFO    [41/1000] lumberjack: 400 events saved
2026-04-12 00:29:09,651  INFO    [42/1000] foreverautumn: 400 events saved
2026-04-12 00:33:34,240  INFO    [43/1000] Yllona: 400 events saved
2026-04-12 00:35:54,414  INFO    [44/1000] cakemix: 400 events saved
2026-04-12 00:40:01,855  INFO    [45/1000] Jonty: 400 events saved
2026-04-12 00:44:13,567  INFO    [46/1000] nova77LF: 400 events saved
2026-04-12 00:46:05,360  INFO    [47/1000] muz: 400 events saved
2026-04-12 00:48:07,414  INFO    [48/1000] mischa: 400 events saved
2026-04-12 00:51:59,787  INFO    [49/1000] GlennyGlen: 400 events saved
2026-04-12 00:55:25,455  INFO    [50/1000] tapenoon: 400 events saved
2026-04-12 00:55:25,486  INFO    Tag cache flushed (5,961 entries).
2026-04-12 01:00:51,780  INFO    [51/1000] bbc1xtra: 400 events saved
2026-04-12 01:05:19,998  INFO    [52/1000] BBCRadio3: 400 events saved
2026-04-12 01:10:33,514  INFO    [53/1000] spookycharm: 400 events saved
2026-04-12 01:13:48,218  INFO    [54/1000] KuriousBanana: 400 events saved
2026-04-12 01:14:56,870  INFO    [55/1000] raffy_rillo: 400 events saved
2026-04-12 01:15:53,391  INFO    [56/1000] Rainyviolet: 400 events saved
2026-04-12 01:16:46,993  INFO    [57/1000] JayBoyH: 400 events saved
2026-04-12 01:18:46,970  INFO    [58/1000] nrth: 400 events saved
2026-04-12 01:20:16,133  INFO    [59/1000] skmangal: 400 events saved
2026-04-12 01:24:31,295  INFO    [60/1000] LAST.HQ: 400 events saved
2026-04-12 01:27:25,242  INFO    [61/1000] snyde1: 400 events saved
2026-04-12 01:30:46,654  INFO    [62/1000] DIL23: 400 events saved
2026-04-12 01:31:53,627  INFO    [63/1000] TheMannen: 400 events saved
2026-04-12 01:34:52,339  INFO    [64/1000] juepucta: 400 events saved
2026-04-12 01:35:13,070  INFO    [65/1000] Feanor: 400 events saved
2026-04-12 01:42:02,753  INFO    [66/1000] BlueHeronRadio: 400 events saved
2026-04-12 01:43:55,846  INFO    [67/1000] monkeyhacker: 400 events saved
2026-04-12 01:44:41,232  INFO    [68/1000] ChrissieHines: 400 events saved
2026-04-12 01:47:43,568  INFO    [69/1000] simonmoran: 400 events saved
2026-04-12 01:50:04,108  INFO    [70/1000] ModJockey: 400 events saved
2026-04-12 01:51:26,473  INFO    [71/1000] jamesxoxo: 400 events saved
2026-04-12 01:55:06,119  INFO    [72/1000] hyperchris01: 400 events saved
2026-04-12 01:56:41,396  INFO    [73/1000] andrewclegg: 400 events saved
2026-04-12 01:59:30,346  INFO    [74/1000] mr_maxis: 400 events saved
2026-04-12 02:01:57,576  INFO    [75/1000] acreature: 400 events saved
2026-04-12 02:01:57,676  INFO    Tag cache flushed (9,015 entries).
2026-04-12 02:02:41,574  INFO    [76/1000] Ziomek2000: 400 events saved
2026-04-12 02:06:14,920  INFO    [77/1000] CarbonParlour: 400 events saved
2026-04-12 02:07:55,167  INFO    [78/1000] caitlin: 400 events saved
2026-04-12 02:12:16,664  INFO    [79/1000] Sliders1234: 400 events saved
2026-04-12 02:14:16,990  INFO    [80/1000] flaneur: 400 events saved
2026-04-12 02:14:40,293  INFO    [81/1000] Omar711: 400 events saved
2026-04-12 02:17:36,446  INFO    [82/1000] Tecfan: 400 events saved
2026-04-12 02:19:33,893  INFO    [83/1000] bengt_bangt: 400 events saved
2026-04-12 02:19:46,012  INFO    [84/1000] pecusita: 400 events saved
2026-04-12 02:20:12,168  INFO    [85/1000] Benvenidos: 400 events saved
2026-04-12 02:21:09,523  INFO    [86/1000] spookydirt: 400 events saved
2026-04-12 02:27:56,368  INFO    [87/1000] DandelionRadio: 400 events saved
2026-04-12 02:29:37,779  INFO    [88/1000] nmeradiolive: 400 events saved
2026-04-12 02:29:43,775  INFO    [89/1000] thetrousers: 400 events saved
2026-04-12 02:29:54,108  INFO    [90/1000] setlistfm: 400 events saved
2026-04-12 02:30:36,567  INFO    [91/1000] rossmillican: 400 events saved
2026-04-12 02:32:14,404  INFO    [92/1000] bhavnit: 400 events saved
2026-04-12 02:34:30,396  INFO    [93/1000] tburny: 400 events saved
2026-04-12 02:34:38,128  INFO    [94/1000] protemaziclon: 400 events saved
2026-04-12 02:35:54,462  INFO    [95/1000] aristotle137: 400 events saved
2026-04-12 02:40:32,561  INFO    [96/1000] JesusLynch: 400 events saved
2026-04-12 02:44:04,533  INFO    [97/1000] ssk2: 400 events saved
2026-04-12 02:49:09,361  INFO    [98/1000] hellishantares: 400 events saved
2026-04-12 02:50:41,674  INFO    [99/1000] hatebreak: 400 events saved
2026-04-12 02:51:44,288  INFO    [100/1000] Kymyny: 400 events saved
2026-04-12 02:51:44,343  INFO    Tag cache flushed (11,275 entries).
2026-04-12 02:51:52,790  INFO    [101/1000] phuedx: 400 events saved
2026-04-12 02:53:06,554  INFO    [102/1000] JamesHale85: 400 events saved
2026-04-12 02:54:44,751  INFO    [103/1000] EduardoAllex: 400 events saved
2026-04-12 02:54:47,591  INFO    [104/1000] IM4ttthew: 400 events saved
2026-04-12 02:55:36,045  INFO    [105/1000] condormcs: 400 events saved
2026-04-12 02:56:55,681  INFO    [106/1000] koffiemelk: 400 events saved
2026-04-12 02:57:03,146  INFO    [107/1000] NuMetalNewMetal: 400 events saved
2026-04-12 02:57:33,181  INFO    [108/1000] senotfed: 400 events saved
2026-04-12 02:59:20,609  INFO    [109/1000] Alberto1296: 400 events saved
2026-04-12 03:00:41,436  INFO    [110/1000] edmartmart: 126 events saved
2026-04-12 03:01:02,900  INFO    [111/1000] m4dsen: 400 events saved
2026-04-12 03:04:41,920  INFO    [112/1000] unclefcuker: 400 events saved
2026-04-12 03:06:16,484  INFO    [113/1000] kuzronk: 400 events saved
2026-04-12 03:07:03,761  INFO    [114/1000] TastyMcrapewich: 400 events saved
2026-04-12 03:08:01,499  INFO    [115/1000] Cookemeister33: 400 events saved
2026-04-12 03:08:06,325  INFO    [116/1000] natevan05: 400 events saved
2026-04-12 03:08:32,001  INFO    [117/1000] malditodito: 400 events saved
2026-04-12 03:09:49,927  INFO    [118/1000] okspud1: 400 events saved
2026-04-12 03:10:37,254  INFO    [119/1000] heavenrice: 400 events saved
2026-04-12 03:14:05,994  INFO    [120/1000] JRoar: 400 events saved
2026-04-12 03:15:25,728  INFO    [121/1000] mikelarter: 385 events saved
2026-04-12 03:16:18,231  INFO    [122/1000] lawrence_jones: 400 events saved
2026-04-12 03:18:17,584  INFO    [123/1000] devstones: 400 events saved
2026-04-12 03:19:55,085  INFO    [124/1000] TombBarrow: 400 events saved
2026-04-12 03:22:15,480  INFO    [125/1000] gertski: 400 events saved
2026-04-12 03:22:15,609  INFO    Tag cache flushed (12,666 entries).
2026-04-12 03:26:24,308  INFO    [126/1000] syknyk: 400 events saved
2026-04-12 03:26:53,878  INFO    [127/1000] kristmax: 400 events saved
2026-04-12 03:29:55,758  INFO    [128/1000] EdThomas63: 400 events saved
2026-04-12 03:30:32,722  INFO    [129/1000] adam_cowboy: 400 events saved
2026-04-12 03:35:32,032  INFO    [130/1000] Ataraxiainc: 400 events saved
2026-04-12 03:35:51,694  INFO    [131/1000] subdrop: 124 events saved
2026-04-12 03:36:37,765  INFO    [132/1000] jammus: 400 events saved
2026-04-12 03:37:51,091  INFO    [133/1000] dodgyfox: 400 events saved
2026-04-12 03:39:25,989  INFO    [134/1000] sajones96: 400 events saved
2026-04-12 03:42:42,530  INFO    [135/1000] olivialasky: 400 events saved
2026-04-12 03:43:45,003  INFO    [136/1000] nichaoia: 400 events saved
2026-04-12 03:45:46,859  INFO    [137/1000] aCiD2: 400 events saved
2026-04-12 03:47:38,822  INFO    [138/1000] emlyncorrin: 400 events saved
2026-04-12 03:49:23,744  INFO    [139/1000] endlesscitylight: 400 events saved
2026-04-12 03:51:03,028  INFO    [140/1000] spacedentist-tv: 400 events saved
2026-04-12 03:52:39,320  INFO    [141/1000] pjcreed: 400 events saved
2026-04-12 03:54:05,783  INFO    [142/1000] kingraam: 400 events saved
2026-04-12 03:55:32,998  INFO    [143/1000] benleavett: 400 events saved
2026-04-12 03:56:09,852  INFO    [144/1000] tfwnicholson: 400 events saved
2026-04-12 03:56:35,176  INFO    [145/1000] roka_0: 400 events saved
2026-04-12 03:57:37,250  INFO    [146/1000] icegunner: 400 events saved
2026-04-12 03:59:03,085  INFO    [147/1000] tdhooper: 400 events saved
2026-04-12 04:01:41,183  INFO    [148/1000] pduin: 400 events saved
2026-04-12 04:04:01,820  INFO    [149/1000] DavW: 400 events saved
2026-04-12 04:05:36,988  INFO    [150/1000] darkspark88: 400 events saved
2026-04-12 04:05:37,062  INFO    Tag cache flushed (14,672 entries).
2026-04-12 04:07:17,822  INFO    [151/1000] drTortoise: 400 events saved
2026-04-12 04:09:56,993  INFO    [152/1000] isendir: 400 events saved
2026-04-12 04:11:56,568  INFO    [153/1000] antoniojl: 400 events saved
2026-04-12 04:12:25,922  INFO    [154/1000] Pbad: 400 events saved
2026-04-12 04:15:25,993  INFO    [155/1000] Couldtryharder: 400 events saved
2026-04-12 04:15:58,859  INFO    [156/1000] mhx77: 400 events saved
2026-04-12 04:17:25,519  INFO    [157/1000] mvrocca: 400 events saved
2026-04-12 04:19:05,235  INFO    [158/1000] sideb0ard: 400 events saved
2026-04-12 04:20:55,536  INFO    [159/1000] marekventur: 400 events saved
2026-04-12 04:21:46,789  INFO    [160/1000] jukevox: 400 events saved
2026-04-12 04:22:00,644  INFO    [161/1000] shotformeat: 400 events saved
2026-04-12 04:23:09,358  INFO    [162/1000] sven: 400 events saved
2026-04-12 04:24:21,399  INFO    [163/1000] dasistdasende: 400 events saved
2026-04-12 04:26:42,245  INFO    [164/1000] owenparry: 400 events saved
2026-04-12 04:27:08,319  INFO    [165/1000] BenWard: 400 events saved
2026-04-12 04:29:46,892  INFO    [166/1000] skr: 400 events saved
2026-04-12 04:30:20,349  INFO    [167/1000] good_bone: 400 events saved
2026-04-12 04:33:23,704  INFO    [168/1000] Maddieman: 400 events saved
2026-04-12 04:35:53,555  INFO    [169/1000] magemu: 400 events saved
2026-04-12 04:37:48,393  INFO    [170/1000] jefferyd: 400 events saved
2026-04-12 04:38:36,873  INFO    [171/1000] mayhemchaos: 400 events saved
2026-04-12 04:42:23,649  INFO    [172/1000] earthman121: 400 events saved
2026-04-12 04:46:18,035  INFO    [173/1000] QueenGeedorah: 400 events saved
2026-04-12 04:47:20,550  INFO    [174/1000] anteser: 400 events saved
2026-04-12 04:47:42,373  INFO    [175/1000] mokele: 400 events saved
2026-04-12 04:47:42,457  INFO    Tag cache flushed (16,584 entries).
2026-04-12 04:50:15,935  INFO    [176/1000] gamboviol: 400 events saved
2026-04-12 04:50:53,937  INFO    [177/1000] rebekahn: 400 events saved
2026-04-12 04:52:32,450  INFO    [178/1000] jlanzone: 400 events saved
2026-04-12 04:55:02,308  INFO    [179/1000] alpha-ville: 400 events saved
2026-04-12 04:56:15,326  INFO    [180/1000] emo-niC: 400 events saved
2026-04-12 04:58:14,825  INFO    [181/1000] maughtner: 400 events saved
2026-04-12 04:58:24,704  INFO    [182/1000] n_e_b: 400 events saved
2026-04-12 05:02:44,510  INFO    [183/1000] m50d: 400 events saved
2026-04-12 05:04:10,582  INFO    [184/1000] Nickelvdv: 400 events saved
2026-04-12 05:04:48,912  INFO    [185/1000] SoyPuta: 400 events saved
2026-04-12 05:05:15,324  INFO    [186/1000] Daniel1986: 400 events saved
2026-04-12 05:09:58,928  INFO    [187/1000] sharevari: 400 events saved
2026-04-12 05:10:33,397  INFO    [188/1000] lozzd: 400 events saved
2026-04-12 05:13:48,567  INFO    [189/1000] ryoken: 400 events saved
2026-04-12 05:15:08,383  INFO    [190/1000] Noddy76: 400 events saved
2026-04-12 05:15:35,574  INFO    [191/1000] ndorfin: 400 events saved
2026-04-12 05:16:18,126  INFO    [192/1000] ielia79: 206 events saved
2026-04-12 05:18:49,793  INFO    [193/1000] macsmax: 400 events saved
2026-04-12 05:20:31,824  INFO    [194/1000] rkapurple: 400 events saved
2026-04-12 05:22:53,550  INFO    [195/1000] MightyJay: 400 events saved
2026-04-12 05:23:49,746  INFO    [196/1000] sjransome: 400 events saved
2026-04-12 05:25:14,563  INFO    [197/1000] czerwony: 400 events saved
2026-04-12 05:26:01,895  INFO    [198/1000] colins: 400 events saved
2026-04-12 05:28:30,579  INFO    [199/1000] wotas99: 365 events saved
2026-04-12 05:29:18,901  INFO    [200/1000] chemicL: 400 events saved
2026-04-12 05:29:19,002  INFO    Tag cache flushed (18,502 entries).
2026-04-12 05:29:47,631  INFO    [201/1000] irenkas: 400 events saved
2026-04-12 05:30:12,305  INFO    [202/1000] Annie2star: 400 events saved
2026-04-12 05:32:39,270  INFO    [203/1000] MarcusRimondini: 400 events saved
2026-04-12 05:33:15,434  INFO    [204/1000] uniphkahfi: 400 events saved
2026-04-12 05:35:41,099  INFO    [205/1000] LastfmDJTeam: 400 events saved
2026-04-12 05:36:03,613  INFO    [206/1000] teeeya: 400 events saved
2026-04-12 05:36:07,477  INFO    [207/1000] DesolationRow: 400 events saved
2026-04-12 05:36:16,068  INFO    [208/1000] camillakejser: 400 events saved
2026-04-12 05:36:30,361  INFO    [209/1000] tashk: 400 events saved
2026-04-12 05:37:22,597  INFO    [210/1000] jonohowell9: 400 events saved
2026-04-12 05:37:57,984  INFO    [211/1000] SammyLewis92: 400 events saved
2026-04-12 05:38:10,484  INFO    [212/1000] mollonado: 400 events saved
2026-04-12 05:40:08,500  INFO    [213/1000] gregarens: 400 events saved
2026-04-12 05:42:32,429  INFO    [214/1000] xerode: 400 events saved
2026-04-12 05:44:00,915  INFO    [215/1000] petrushka12: 400 events saved
2026-04-12 05:49:47,125  INFO    [216/1000] Bloopy: 400 events saved
2026-04-12 05:50:13,979  INFO    [217/1000] Emrys82: 400 events saved
2026-04-12 05:50:55,507  INFO    [218/1000] DejanaDeljanin: 400 events saved
2026-04-12 05:51:42,193  INFO    [219/1000] siprior85: 400 events saved
2026-04-12 05:53:02,861  INFO    [220/1000] nedrichards: 400 events saved
2026-04-12 05:53:46,513  INFO    [221/1000] antb33: 400 events saved
2026-04-12 05:54:36,718  INFO    [222/1000] katedavis: 400 events saved
2026-04-12 05:56:36,886  INFO    [223/1000] andyturton78: 400 events saved
2026-04-12 06:00:23,648  INFO    [224/1000] steffdavies: 400 events saved
2026-04-12 06:02:25,076  INFO    [225/1000] gmaurice: 400 events saved
2026-04-12 06:02:25,194  INFO    Tag cache flushed (20,010 entries).
2026-04-12 06:02:57,759  INFO    [226/1000] robinlisle: 400 events saved
2026-04-12 06:03:21,381  INFO    [227/1000] fionapinkstars: 400 events saved
2026-04-12 06:07:09,678  INFO    [228/1000] LQDAudio: 400 events saved
2026-04-12 06:08:04,543  INFO    [229/1000] michalboo: 400 events saved
2026-04-12 06:09:41,393  INFO    [230/1000] ocelma: 400 events saved
2026-04-12 06:11:25,830  INFO    [231/1000] twicezero: 400 events saved
2026-04-12 06:11:34,494  INFO    [232/1000] teabot: 400 events saved
2026-04-12 06:12:35,579  INFO    [233/1000] vishna666: 400 events saved
2026-04-12 06:15:25,113  INFO    [234/1000] symphonicknot: 400 events saved
2026-04-12 06:16:50,280  INFO    [235/1000] thruttle: 400 events saved
2026-04-12 06:19:02,659  INFO    [236/1000] clientroom: 400 events saved
2026-04-12 06:19:50,878  INFO    [237/1000] insipidhues: 400 events saved
2026-04-12 06:20:58,996  INFO    [238/1000] jonotestsub: 400 events saved
2026-04-12 06:22:11,449  INFO    [239/1000] gearmonkey: 400 events saved
2026-04-12 06:22:47,767  INFO    [240/1000] russx2: 400 events saved
2026-04-12 06:23:08,703  INFO    [241/1000] sfrohit: 400 events saved
2026-04-12 06:27:39,983  INFO    [242/1000] ben-xo: 400 events saved
2026-04-12 06:28:34,829  INFO    [243/1000] Liw: 400 events saved
2026-04-12 06:30:29,025  INFO    [244/1000] issyl0: 400 events saved
2026-04-12 06:32:01,207  INFO    [245/1000] Stu_B: 400 events saved
2026-04-12 06:35:31,804  INFO    [246/1000] Han: 400 events saved
2026-04-12 06:35:40,846  INFO    [247/1000] count-bassy: 400 events saved
2026-04-12 06:36:59,093  INFO    [248/1000] simoncox: 400 events saved
2026-04-12 06:38:57,889  INFO    [249/1000] dirtyblonde: 400 events saved
2026-04-12 06:39:51,561  INFO    [250/1000] dunc-uk: 400 events saved
2026-04-12 06:39:51,679  INFO    Tag cache flushed (21,611 entries).
2026-04-12 06:41:25,815  INFO    [251/1000] sophiesocks: 400 events saved
2026-04-12 06:41:42,057  INFO    [252/1000] Waters_M: 400 events saved
2026-04-12 06:47:09,611  INFO    [253/1000] chavala_vergas: 384 events saved
2026-04-12 06:48:11,677  INFO    [254/1000] eivissa05: 400 events saved
2026-04-12 06:49:18,454  INFO    [255/1000] jemueller: 400 events saved
2026-04-12 06:49:44,675  INFO    [256/1000] esperite: 400 events saved
2026-04-12 06:52:04,179  INFO    [257/1000] UncleFunker: 400 events saved
2026-04-12 06:52:32,447  INFO    [258/1000] ryanschultz: 400 events saved
2026-04-12 06:52:47,599  INFO    [259/1000] GuitarInMySleep: 400 events saved
2026-04-12 06:53:09,571  INFO    [260/1000] roserpens: 400 events saved
2026-04-12 06:54:07,481  INFO    [261/1000] pinetree99: 400 events saved
2026-04-12 06:54:36,805  INFO    [262/1000] ziccarda: 400 events saved
2026-04-12 06:55:23,427  INFO    [263/1000] camrant: 181 events saved
2026-04-12 06:55:41,916  INFO    [264/1000] MattOCon: 400 events saved
2026-04-12 06:57:19,496  INFO    [265/1000] rasherron: 400 events saved
2026-04-12 06:58:51,335  INFO    [266/1000] jonnyrockunit: 400 events saved
2026-04-12 07:02:52,923  INFO    [267/1000] juliuzseizure: 400 events saved
2026-04-12 07:03:34,927  INFO    [268/1000] Kates134: 400 events saved
2026-04-12 07:05:25,378  INFO    [269/1000] versusadam: 400 events saved
2026-04-12 07:07:00,952  INFO    [270/1000] joanofarctan: 400 events saved
2026-04-12 07:07:35,842  INFO    [271/1000] jensnikolaus: 400 events saved
2026-04-12 07:09:07,385  INFO    [272/1000] nananaina: 400 events saved
2026-04-12 07:09:42,676  INFO    [273/1000] afonsoduarte: 400 events saved
2026-04-12 07:10:30,836  INFO    [274/1000] irvinebrown: 400 events saved
2026-04-12 07:12:15,062  INFO    [275/1000] eva: 400 events saved
2026-04-12 07:12:15,204  INFO    Tag cache flushed (23,044 entries).
2026-04-12 07:13:12,977  INFO    [276/1000] CLane99: 400 events saved
2026-04-12 07:14:06,111  INFO    [277/1000] eviltomthai: 400 events saved
2026-04-12 07:14:40,083  INFO    [278/1000] detroitsoul: 400 events saved
2026-04-12 07:16:19,311  INFO    [279/1000] mainstream: 400 events saved
2026-04-12 07:16:56,006  INFO    [280/1000] bansaha: 400 events saved
2026-04-12 07:18:25,374  INFO    [281/1000] thekiwiguy: 400 events saved
2026-04-12 07:19:56,669  INFO    [282/1000] RNR: 400 events saved
2026-04-12 07:20:47,458  INFO    [283/1000] Phukan: 213 events saved
2026-04-12 07:21:45,953  INFO    [284/1000] WoodyStrummer: 400 events saved
2026-04-12 07:23:04,154  INFO    [285/1000] msephton: 400 events saved
2026-04-12 07:24:16,600  INFO    [286/1000] DanielBrooks: 400 events saved
2026-04-12 07:25:46,091  INFO    [287/1000] petersunna: 400 events saved
2026-04-12 07:26:25,177  INFO    [288/1000] Rococo_Zephyr: 400 events saved
2026-04-12 07:27:26,084  INFO    [289/1000] parallaxed: 400 events saved
2026-04-12 07:27:32,368  INFO    [290/1000] ComePickMeUp999: 400 events saved
2026-04-12 07:28:55,185  INFO    [291/1000] matthewiscool: 400 events saved
2026-04-12 07:30:13,810  INFO    [292/1000] BOTWevents: 400 events saved
2026-04-12 07:30:56,736  INFO    [293/1000] a-ich: 400 events saved
2026-04-12 07:31:30,409  INFO    [294/1000] clarkie46: 400 events saved
2026-04-12 07:31:57,221  INFO    [295/1000] goldfieber: 400 events saved
2026-04-12 07:32:44,684  INFO    [296/1000] hubinho: 400 events saved
2026-04-12 07:34:07,611  INFO    [297/1000] borges_mybbv: 400 events saved
2026-04-12 07:35:12,366  INFO    [298/1000] secret_morning: 400 events saved
2026-04-12 07:35:35,477  INFO    [299/1000] misspale: 400 events saved
2026-04-12 07:36:26,749  INFO    [300/1000] abandondrugs: 400 events saved
2026-04-12 07:36:26,894  INFO    Tag cache flushed (24,076 entries).
2026-04-12 07:36:48,837  INFO    [301/1000] aaron-rodgers: 400 events saved
2026-04-12 07:37:08,990  INFO    [302/1000] deertimesthree: 400 events saved
2026-04-12 07:37:30,340  INFO    [303/1000] Ophelia000: 400 events saved
2026-04-12 07:38:32,727  INFO    [304/1000] heinermf: 400 events saved
2026-04-12 07:39:40,502  INFO    [305/1000] WizZzPL: 400 events saved
2026-04-12 07:42:03,382  INFO    [306/1000] vitali: 400 events saved
2026-04-12 07:43:15,907  INFO    [307/1000] martind: 400 events saved
2026-04-12 07:43:51,241  INFO    [308/1000] trash_: 400 events saved
2026-04-12 07:43:55,317  INFO    [309/1000] uhmwhat: 400 events saved
2026-04-12 07:44:44,070  INFO    [310/1000] temporarytattoo: 400 events saved
2026-04-12 07:45:21,105  INFO    [311/1000] Hey_Scenester: 400 events saved
2026-04-12 07:45:32,425  INFO    [312/1000] insertfancyname: 400 events saved
2026-04-12 07:45:41,172  INFO    [313/1000] AnjaliKnebworth: 400 events saved
2026-04-12 07:47:03,928  INFO    [314/1000] pinkamh2002: 400 events saved
2026-04-12 07:47:24,980  INFO    [315/1000] Wonder_M: 400 events saved
2026-04-12 07:47:48,109  INFO    [316/1000] NickolaiJ: 400 events saved
2026-04-12 07:48:08,468  INFO    [317/1000] Ihatemusic: 400 events saved
2026-04-12 07:48:48,225  INFO    [318/1000] anika3000: 400 events saved
2026-04-12 07:50:15,941  INFO    [319/1000] deathonstairs: 400 events saved
2026-04-12 07:51:03,605  INFO    [320/1000] Rivkaah: 400 events saved
2026-04-12 07:52:01,438  INFO    [321/1000] AbstractCunt: 400 events saved
2026-04-12 07:54:24,440  INFO    [322/1000] biihii: 400 events saved
2026-04-12 07:55:27,830  INFO    [323/1000] Jockeus: 400 events saved
2026-04-12 07:56:43,677  INFO    [324/1000] leafar: 400 events saved
2026-04-12 07:57:56,774  INFO    [325/1000] Papa_Python: 400 events saved
2026-04-12 07:57:56,913  INFO    Tag cache flushed (24,994 entries).
2026-04-12 07:58:10,679  INFO    [326/1000] Pingu1874: 400 events saved
2026-04-12 07:58:29,362  INFO    [327/1000] April27: 400 events saved
2026-04-12 07:59:44,029  INFO    [328/1000] Quelconque: 400 events saved
2026-04-12 08:01:03,033  INFO    [329/1000] lulucyole: 400 events saved
2026-04-12 08:02:10,638  INFO    [330/1000] mll: 400 events saved
2026-04-12 08:04:52,313  INFO    [331/1000] whydelila: 400 events saved
2026-04-12 08:07:42,647  INFO    [332/1000] frenchwords: 400 events saved
2026-04-12 08:08:35,881  INFO    [333/1000] sannalv: 325 events saved
2026-04-12 08:09:32,932  INFO    [334/1000] Whiskeyface: 400 events saved
2026-04-12 08:10:25,110  INFO    [335/1000] ricardomt: 400 events saved
2026-04-12 08:12:11,464  INFO    [336/1000] HerrHej: 400 events saved
2026-04-12 08:12:57,690  INFO    [337/1000] BauerFlo: 400 events saved
2026-04-12 08:13:57,042  INFO    [338/1000] Satyrifrost: 400 events saved
2026-04-12 08:14:54,741  INFO    [339/1000] rodney_viper: 400 events saved
2026-04-12 08:15:49,239  INFO    [340/1000] kuslevrai: 400 events saved
2026-04-12 08:16:09,902  INFO    [341/1000] elaking: 400 events saved
2026-04-12 08:16:36,821  INFO    [342/1000] twoheadsy: 400 events saved
2026-04-12 08:17:55,781  INFO    [343/1000] stinis: 400 events saved
2026-04-12 08:19:22,490  INFO    [344/1000] phredspin: 400 events saved
2026-04-12 08:19:44,333  INFO    [345/1000] emilyhandley: 400 events saved
2026-04-12 08:22:14,675  INFO    [346/1000] davetapley: 400 events saved
2026-04-12 08:24:07,067  INFO    [347/1000] NisaMishap: 400 events saved
2026-04-12 08:25:05,609  INFO    [348/1000] FleurFrancoise: 400 events saved
2026-04-12 08:25:46,530  INFO    [349/1000] muesli: 400 events saved
2026-04-12 08:26:49,753  INFO    [350/1000] Omnicia: 400 events saved
2026-04-12 08:26:50,107  INFO    Tag cache flushed (26,277 entries).
2026-04-12 08:27:01,809  INFO    [351/1000] bibliophobe: 400 events saved
2026-04-12 08:28:30,000  INFO    [352/1000] Elliefroglett: 400 events saved
2026-04-12 08:28:51,574  INFO    [353/1000] gingaaaml: 400 events saved
2026-04-12 08:29:16,375  INFO    [354/1000] Jester-NL: 400 events saved
2026-04-12 08:29:56,487  INFO    [355/1000] vpjayant: 400 events saved
2026-04-12 08:31:58,922  INFO    [356/1000] Amberface: 400 events saved
2026-04-12 08:35:19,102  INFO    [357/1000] bluefollowsred: 400 events saved
2026-04-12 08:36:21,855  INFO    [358/1000] DukeNoodle: 400 events saved
2026-04-12 08:38:31,606  INFO    [359/1000] markwheeler: 400 events saved
2026-04-12 08:38:55,624  INFO    [360/1000] TommyT85: 400 events saved
2026-04-12 08:39:15,550  INFO    [361/1000] ubrain: 400 events saved
2026-04-12 08:40:32,071  INFO    [362/1000] themire: 400 events saved
2026-04-12 08:41:21,625  INFO    [363/1000] jonesmonster: 400 events saved
2026-04-12 08:42:36,777  INFO    [364/1000] zia: 400 events saved
2026-04-12 08:42:57,267  INFO    [365/1000] pete_bug: 400 events saved
2026-04-12 08:44:57,798  INFO    [366/1000] theneonfever: 400 events saved
2026-04-12 08:45:54,800  INFO    [367/1000] gackerman43: 400 events saved
2026-04-12 08:46:55,830  INFO    [368/1000] shevski: 400 events saved
2026-04-12 08:47:30,039  INFO    [369/1000] yamemm: 400 events saved
2026-04-12 08:47:56,765  INFO    [370/1000] iamtef: 400 events saved
2026-04-12 08:48:18,235  INFO    [371/1000] Michaela: 400 events saved
2026-04-12 08:49:44,411  INFO    [372/1000] aleshiaisfunny: 400 events saved
2026-04-12 08:50:41,450  INFO    [373/1000] vitorsouto: 400 events saved
2026-04-12 08:52:29,558  INFO    [374/1000] dalxzxez: 400 events saved
2026-04-12 08:52:46,530  INFO    [375/1000] heavymakeup: 400 events saved
2026-04-12 08:52:46,742  INFO    Tag cache flushed (27,428 entries).
2026-04-12 08:53:23,504  INFO    [376/1000] Smokin_JoeyB: 400 events saved
2026-04-12 08:53:53,342  INFO    [377/1000] ElisaGismondi: 246 events saved
2026-04-12 08:53:59,919  INFO    [378/1000] PilotG: 118 events saved
2026-04-12 08:55:36,587  INFO    [379/1000] NikNikNik2007: 400 events saved
2026-04-12 08:56:55,121  INFO    [380/1000] alexmigushov: 400 events saved
2026-04-12 08:57:06,006  INFO    [381/1000] xlowpunk: 400 events saved
2026-04-12 08:59:14,046  INFO    [382/1000] FiftySven: 400 events saved
2026-04-12 08:59:55,740  INFO    [383/1000] alobao: 400 events saved
2026-04-12 09:00:31,840  INFO    [384/1000] meterLink: 400 events saved
2026-04-12 09:02:01,520  INFO    [385/1000] joe_muggs: 400 events saved
2026-04-12 09:03:36,204  INFO    [386/1000] RosieStewart: 400 events saved
2026-04-12 09:05:29,137  INFO    [387/1000] Helmut21: 400 events saved
2026-04-12 09:06:30,796  INFO    [388/1000] kbabeatbox: 400 events saved
2026-04-12 09:10:01,957  INFO    [389/1000] TomReal: 400 events saved
2026-04-12 09:10:20,450  INFO    [390/1000] francescatanner: 400 events saved
2026-04-12 09:11:22,171  INFO    [391/1000] baseonmars: 400 events saved
2026-04-12 09:12:33,645  INFO    [392/1000] Biven: 400 events saved
2026-04-12 09:13:35,282  INFO    [393/1000] billybobby87: 310 events saved
2026-04-12 09:14:50,992  INFO    [394/1000] tiimai: 400 events saved
2026-04-12 09:16:04,104  INFO    [395/1000] chicagoblue2000: 400 events saved
2026-04-12 09:17:09,514  INFO    [396/1000] ChunkyGerbil: 400 events saved
2026-04-12 09:17:18,131  INFO    [397/1000] Drexler23: 400 events saved
2026-04-12 09:19:50,029  INFO    [398/1000] MTEver: 279 events saved
2026-04-12 09:20:52,161  INFO    [399/1000] uvrecordings: 400 events saved
2026-04-12 09:22:17,661  INFO    [400/1000] Swaggeroff: 400 events saved
2026-04-12 09:22:17,846  INFO    Tag cache flushed (28,663 entries).
2026-04-12 09:24:44,239  INFO    [401/1000] Abscond: 400 events saved
2026-04-12 09:25:03,052  INFO    [402/1000] JohnRowley: 400 events saved
2026-04-12 09:25:30,997  INFO    [403/1000] alexcar: 400 events saved
2026-04-12 09:25:53,516  INFO    [404/1000] aragornsbeard: 400 events saved
2026-04-12 09:26:32,706  INFO    [405/1000] remiprev: 400 events saved
2026-04-12 09:27:31,372  INFO    [406/1000] noiresque: 400 events saved
2026-04-12 09:27:38,586  INFO    [407/1000] rlotun: 400 events saved
2026-04-12 09:28:09,315  INFO    [408/1000] tswoolway: 400 events saved
2026-04-12 09:29:36,941  INFO    [409/1000] lostplan: 400 events saved
2026-04-12 09:29:48,245  INFO    [410/1000] mikearthur: 400 events saved
2026-04-12 09:30:36,267  INFO    [411/1000] rynos: 400 events saved
2026-04-12 09:32:01,243  INFO    [412/1000] erikfrey: 400 events saved
2026-04-12 09:33:43,560  INFO    [413/1000] dougma: 400 events saved
2026-04-12 09:34:09,575  INFO    [414/1000] Tars21: 400 events saved
2026-04-12 09:34:20,216  INFO    [415/1000] pieboy42: 400 events saved
2026-04-12 09:34:33,023  INFO    [416/1000] richardkeen: 400 events saved
2026-04-12 09:35:37,453  INFO    [417/1000] joycekev: 400 events saved
2026-04-12 09:36:53,320  INFO    [418/1000] petgru: 400 events saved
2026-04-12 09:37:57,414  INFO    [419/1000] johannesgunnar: 400 events saved
2026-04-12 09:39:10,504  INFO    [420/1000] minor9th: 400 events saved
2026-04-12 09:42:34,190  INFO    [421/1000] PinkCutter: 400 events saved
2026-04-12 09:42:56,330  INFO    [422/1000] benburry: 400 events saved
2026-04-12 09:44:05,881  INFO    [423/1000] the_fox: 400 events saved
2026-04-12 09:44:31,679  INFO    [424/1000] lattice: 400 events saved
2026-04-12 09:44:58,738  INFO    [425/1000] waferbaby: 400 events saved
2026-04-12 09:44:58,898  INFO    Tag cache flushed (29,636 entries).
2026-04-12 09:46:01,256  INFO    [426/1000] c0ntax: 400 events saved
2026-04-12 09:46:31,082  INFO    [427/1000] evilrix: 400 events saved
2026-04-12 09:48:13,642  INFO    [428/1000] pixelm2: 400 events saved
2026-04-12 09:49:54,857  INFO    [429/1000] Actel: 400 events saved
2026-04-12 09:50:27,967  INFO    [430/1000] Panelphonic: 107 events saved
2026-04-12 09:50:56,986  INFO    [431/1000] chrismear: 400 events saved
2026-04-12 09:51:10,027  INFO    [432/1000] anne8760: 400 events saved
2026-04-12 09:52:50,902  INFO    [433/1000] solveigo: 400 events saved
2026-04-12 09:54:24,049  INFO    [434/1000] STML: 400 events saved
2026-04-12 09:55:30,974  INFO    [435/1000] gyford: 400 events saved
2026-04-12 09:57:05,747  INFO    [436/1000] russelldavies: 400 events saved
2026-04-12 09:57:27,172  INFO    [437/1000] tomtaylor: 400 events saved
2026-04-12 09:57:57,895  INFO    [438/1000] PumaReid: 400 events saved
2026-04-12 09:58:48,449  INFO    [439/1000] gemlikeflame: 400 events saved
2026-04-12 10:00:12,625  INFO    [440/1000] jherskowitz: 400 events saved
2026-04-12 10:00:26,199  INFO    [441/1000] lucius910: 400 events saved
2026-04-12 10:01:19,855  INFO    [442/1000] luisapalvares: 400 events saved
2026-04-12 10:02:25,034  INFO    [443/1000] warlord_juzzle: 400 events saved
2026-04-12 10:02:47,882  INFO    [444/1000] alexmuller: 400 events saved
2026-04-12 10:03:32,637  INFO    [445/1000] nicky__j: 400 events saved
2026-04-12 10:04:11,842  INFO    [446/1000] nicky_j: 400 events saved
2026-04-12 10:05:06,566  INFO    [447/1000] fredstidston: 400 events saved
2026-04-12 10:10:08,897  INFO    [448/1000] beerni: 400 events saved
2026-04-12 10:11:12,466  INFO    [449/1000] amandapandaloo: 400 events saved
2026-04-12 10:11:31,637  INFO    [450/1000] defoeboy: 400 events saved
2026-04-12 10:11:31,816  INFO    Tag cache flushed (30,830 entries).
2026-04-12 10:11:38,445  INFO    [451/1000] DavePatMac: 400 events saved
2026-04-12 10:12:02,961  INFO    [452/1000] chadmik: 400 events saved
2026-04-12 10:12:34,261  INFO    [453/1000] Katie-boo: 400 events saved
2026-04-12 10:14:26,481  INFO    [454/1000] dmhuk: 400 events saved
2026-04-12 10:14:43,778  INFO    [455/1000] scouseandy: 400 events saved
2026-04-12 10:16:00,037  INFO    [456/1000] xe54: 400 events saved
2026-04-12 10:16:54,056  INFO    [457/1000] simonie0_1: 400 events saved
2026-04-12 10:17:38,851  INFO    [458/1000] miles: 400 events saved
2026-04-12 10:18:48,866  INFO    [459/1000] psynapss: 400 events saved
2026-04-12 10:19:30,769  INFO    [460/1000] Skip-v: 400 events saved
2026-04-12 10:20:06,945  INFO    [461/1000] Boffbowsh: 400 events saved
2026-04-12 10:20:55,762  INFO    [462/1000] timoni: 400 events saved
2026-04-12 10:21:20,381  INFO    [463/1000] biddulph: 400 events saved
2026-04-12 10:22:15,431  INFO    [464/1000] Ladyfuzz: 400 events saved
2026-04-12 10:22:44,142  INFO    [465/1000] Caketin85: 400 events saved
2026-04-12 10:23:15,823  INFO    [466/1000] leyink: 400 events saved
2026-04-12 10:23:49,971  INFO    [467/1000] simongoble: 400 events saved
2026-04-12 10:24:07,471  INFO    [468/1000] philipwilson: 400 events saved
2026-04-12 10:24:45,037  INFO    [469/1000] hinkeh: 400 events saved
2026-04-12 10:25:06,774  INFO    [470/1000] mn_francis: 400 events saved
2026-04-12 10:26:38,961  INFO    [471/1000] coldclimate: 400 events saved
2026-04-12 10:27:23,413  INFO    [472/1000] jonpierce: 400 events saved
2026-04-12 10:28:40,036  INFO    [473/1000] NeilCrosby: 400 events saved
2026-04-12 10:28:45,943  INFO    [474/1000] crntaylor: 400 events saved
2026-04-12 10:29:08,655  INFO    [475/1000] kerryH101: 400 events saved
2026-04-12 10:29:08,845  INFO    Tag cache flushed (31,607 entries).
2026-04-12 10:30:28,867  INFO    [476/1000] chillwithschill: 400 events saved
2026-04-12 10:31:36,564  INFO    [477/1000] Cid: 400 events saved
2026-04-12 10:32:03,806  INFO    [478/1000] knockles: 400 events saved
2026-04-12 10:33:57,153  INFO    [479/1000] Hanschuh: 400 events saved
2026-04-12 10:34:11,163  INFO    [480/1000] alipacha: 400 events saved
2026-04-12 10:34:44,765  INFO    [481/1000] Stryder1980: 400 events saved
2026-04-12 10:38:38,703  INFO    [482/1000] bourbonarmy: 400 events saved
2026-04-12 10:38:42,476  INFO    [483/1000] bendrew1988: 400 events saved
2026-04-12 10:38:53,606  INFO    [484/1000] cjmill: 400 events saved
2026-04-12 10:39:04,828  INFO    [485/1000] kierant: 400 events saved
2026-04-12 10:39:12,097  INFO    [486/1000] ilon88: 400 events saved
2026-04-12 10:40:13,319  INFO    [487/1000] Mediocre_00: 400 events saved
2026-04-12 10:40:27,082  INFO    [488/1000] youri7: 400 events saved
2026-04-12 10:41:25,195  INFO    [489/1000] carylcita: 400 events saved
2026-04-12 10:42:11,905  INFO    [490/1000] Merivell: 400 events saved
2026-04-12 10:43:10,831  INFO    [491/1000] mey_tonvy: 400 events saved
2026-04-12 10:44:02,449  INFO    [492/1000] msmarypoppins: 400 events saved
2026-04-12 10:44:43,530  INFO    [493/1000] closet_romantic: 400 events saved
2026-04-12 10:45:28,844  INFO    [494/1000] small_swallow: 400 events saved
2026-04-12 10:45:49,151  INFO    [495/1000] mary_quant: 400 events saved
2026-04-12 10:47:23,986  INFO    [496/1000] shopieiem: 400 events saved
2026-04-12 10:49:07,313  INFO    [497/1000] LethalFrog69: 400 events saved
2026-04-12 10:50:23,277  INFO    [498/1000] Solisine: 400 events saved
2026-04-12 10:50:46,458  INFO    [499/1000] esanchezros: 400 events saved
2026-04-12 10:51:03,717  INFO    [500/1000] Anida_Kriel: 400 events saved
2026-04-12 10:51:03,900  INFO    Tag cache flushed (32,577 entries).
2026-04-12 10:51:49,972  INFO    [501/1000] jez_wheel: 400 events saved
2026-04-12 10:52:08,191  INFO    [502/1000] mynamescamden: 400 events saved
2026-04-12 10:52:11,035  INFO    [503/1000] bialata: 400 events saved
2026-04-12 10:53:01,368  INFO    [504/1000] cybersyd: 400 events saved
2026-04-12 10:54:11,635  INFO    [505/1000] Massimaniac: 400 events saved
2026-04-12 10:54:26,304  INFO    [506/1000] hellokitty: 400 events saved
2026-04-12 10:57:54,971  INFO    [507/1000] bbc6music: 400 events saved
2026-04-12 10:58:47,430  INFO    [508/1000] PubParisPorn: 400 events saved
2026-04-12 10:58:50,939  INFO    [509/1000] UnquietNights: 400 events saved
2026-04-12 11:00:09,707  INFO    [510/1000] abschaumderwelt: 400 events saved
2026-04-12 11:00:55,845  INFO    [511/1000] Baby_Borderline: 400 events saved
2026-04-12 11:01:19,113  INFO    [512/1000] sungtothenorth: 400 events saved
2026-04-12 11:01:53,769  INFO    [513/1000] Stemcake: 400 events saved
2026-04-12 11:02:24,098  INFO    [514/1000] Arhitecter: 400 events saved
2026-04-12 11:03:05,329  INFO    [515/1000] KillahDeacon: 400 events saved
2026-04-12 11:07:42,523  INFO    [516/1000] jethawk55: 400 events saved
2026-04-12 11:08:29,678  INFO    [517/1000] LGS: 400 events saved
2026-04-12 11:09:10,869  INFO    [518/1000] gubtrent: 400 events saved
2026-04-12 11:09:23,651  INFO    [519/1000] poppyboy: 400 events saved
2026-04-12 11:09:38,645  INFO    [520/1000] EmperorLuddite: 400 events saved
2026-04-12 11:10:19,252  INFO    [521/1000] asvpxnacho: 400 events saved
2026-04-12 11:13:11,267  INFO    [522/1000] John-vata: 400 events saved
2026-04-12 11:13:47,274  INFO    [523/1000] harryludson: 400 events saved
2026-04-12 11:15:49,026  INFO    [524/1000] Mikaccar: 400 events saved
2026-04-12 11:16:14,020  INFO    [525/1000] gmalcs: 400 events saved
2026-04-12 11:16:14,317  INFO    Tag cache flushed (33,704 entries).
2026-04-12 11:18:51,704  INFO    [526/1000] lastboat: 400 events saved
2026-04-12 11:19:48,894  INFO    [527/1000] VIPERBLUD: 400 events saved
2026-04-12 11:20:16,904  INFO    [528/1000] Gwdion: 400 events saved
2026-04-12 11:21:22,972  INFO    [529/1000] jes_oh___: 400 events saved
2026-04-12 11:22:01,555  INFO    [530/1000] i_want_gnu: 400 events saved
2026-04-12 11:26:03,642  INFO    [531/1000] ml1muse: 400 events saved
2026-04-12 11:27:18,470  INFO    [532/1000] Stanton04: 400 events saved
2026-04-12 11:30:00,702  INFO    [533/1000] EmO686: 400 events saved
2026-04-12 11:31:13,823  INFO    [534/1000] Tildukka: 400 events saved
2026-04-12 11:36:10,814  INFO    [535/1000] coleshane: 400 events saved
2026-04-12 11:36:16,649  INFO    [536/1000] death_by_exile: 400 events saved
2026-04-12 11:36:40,500  INFO    [537/1000] guywithaqmark: 400 events saved
2026-04-12 11:37:03,300  INFO    [538/1000] A1000Mistakes: 400 events saved
2026-04-12 11:37:31,905  INFO    [539/1000] Marine280395: 400 events saved
2026-04-12 11:39:02,140  INFO    [540/1000] Smoothuser: 400 events saved
2026-04-12 11:39:26,236  INFO    [541/1000] deathcab_: 400 events saved
2026-04-12 11:40:18,537  INFO    [542/1000] goatfish: 400 events saved
2026-04-12 11:40:47,328  INFO    [543/1000] tyrannosaurus_: 400 events saved
2026-04-12 11:41:37,689  INFO    [544/1000] rage-elle: 400 events saved
2026-04-12 11:42:05,316  INFO    [545/1000] kadde81: 400 events saved
2026-04-12 11:42:32,606  INFO    [546/1000] The_Vivid: 400 events saved
2026-04-12 11:43:54,287  INFO    [547/1000] titiansteiger: 400 events saved
2026-04-12 11:45:20,078  INFO    [548/1000] Kaddlah: 400 events saved
2026-04-12 11:46:42,987  INFO    [549/1000] pop_b_sessen: 400 events saved
2026-04-12 11:47:14,977  INFO    [550/1000] lkarnitynian: 400 events saved
2026-04-12 11:47:15,240  INFO    Tag cache flushed (34,938 entries).
2026-04-12 11:47:23,783  INFO    [551/1000] Raziel_jK: 400 events saved
2026-04-12 11:48:32,788  INFO    [552/1000] Xavi18: 400 events saved
2026-04-12 11:49:04,952  INFO    [553/1000] diluno: 400 events saved
2026-04-12 11:49:29,289  INFO    [554/1000] gazoombo: 400 events saved
2026-04-12 11:50:03,767  INFO    [555/1000] pjaspers: 400 events saved
2026-04-12 11:51:44,020  INFO    [556/1000] ksorax: 400 events saved
2026-04-12 11:53:45,912  INFO    [557/1000] mmenti: 400 events saved
2026-04-12 11:56:05,084  INFO    [558/1000] negatendo: 400 events saved
2026-04-12 11:57:47,737  INFO    [559/1000] lucasgonze: 400 events saved
2026-04-12 11:58:05,907  INFO    [560/1000] VodafoneMusic: 163 events saved
2026-04-12 11:58:30,200  INFO    [561/1000] limvirak: 400 events saved
2026-04-12 11:59:01,672  INFO    [562/1000] lenbust: 400 events saved
2026-04-12 11:59:37,713  INFO    [563/1000] madjuggler: 400 events saved
2026-04-12 11:59:51,440  INFO    [564/1000] bilkilla: 400 events saved
2026-04-12 12:00:43,943  INFO    [565/1000] jorgevillalobos: 400 events saved
2026-04-12 12:01:10,481  INFO    [566/1000] roboboticus: 400 events saved
2026-04-12 12:01:53,771  INFO    [567/1000] jenrique7: 400 events saved
2026-04-12 12:02:36,816  INFO    [568/1000] sirjyea: 377 events saved
2026-04-12 12:04:41,333  INFO    [569/1000] fscottwoods: 400 events saved
2026-04-12 12:06:37,140  INFO    [570/1000] LegoLibertarian: 400 events saved
2026-04-12 12:07:29,078  INFO    [571/1000] acidzebra: 400 events saved
2026-04-12 12:08:43,810  INFO    [572/1000] bbstock: 400 events saved
2026-04-12 12:10:40,621  INFO    [573/1000] punkadagirl: 400 events saved
2026-04-12 12:12:50,523  INFO    [574/1000] camelbone: 400 events saved
2026-04-12 12:13:46,015  INFO    [575/1000] grasmaaier: 400 events saved
2026-04-12 12:13:46,287  INFO    Tag cache flushed (36,007 entries).
2026-04-12 12:16:23,424  INFO    [576/1000] Varagine: 400 events saved
2026-04-12 12:18:46,216  INFO    [577/1000] dasBofe13: 400 events saved
2026-04-12 12:20:03,446  INFO    [578/1000] woolf1983: 400 events saved
2026-04-12 12:21:01,704  INFO    [579/1000] ghytaam: 400 events saved
2026-04-12 12:21:25,708  INFO    [580/1000] be_b: 400 events saved
2026-04-12 12:22:58,396  INFO    [581/1000] miiilica: 400 events saved
2026-04-12 12:23:15,193  INFO    [582/1000] saturnine236: 397 events saved
2026-04-12 12:26:00,659  INFO    [583/1000] TiteTiti: 400 events saved
2026-04-12 12:27:14,652  INFO    [584/1000] OFF_ka: 400 events saved
2026-04-12 12:27:41,085  INFO    [585/1000] Teppichboden: 400 events saved
2026-04-12 12:27:53,443  INFO    [586/1000] Sebi1705: 400 events saved
2026-04-12 12:28:46,214  INFO    [587/1000] todaysart: 400 events saved
2026-04-12 12:29:13,368  INFO    [588/1000] ronjavinc: 400 events saved
2026-04-12 12:31:06,788  INFO    [589/1000] chepedaja: 400 events saved
2026-04-12 12:31:59,376  INFO    [590/1000] Tjumy: 147 events saved
2026-04-12 12:34:13,747  INFO    [591/1000] lunar_spark: 400 events saved
2026-04-12 12:36:49,453  INFO    [592/1000] Debbie_Lloyd: 400 events saved
2026-04-12 12:37:46,537  INFO    [593/1000] rrringo: 400 events saved
2026-04-12 12:38:59,397  INFO    [594/1000] Wexo: 400 events saved
2026-04-12 12:39:10,333  INFO    [595/1000] Meshugg: 400 events saved
2026-04-12 12:40:28,819  INFO    [596/1000] moodswingr: 400 events saved
2026-04-12 12:41:22,759  INFO    [597/1000] Dis-patch: 400 events saved
2026-04-12 12:42:14,917  INFO    [598/1000] MaxsSelfIsSteam: 400 events saved
2026-04-12 12:46:17,719  INFO    [599/1000] erduprince: 400 events saved
2026-04-12 12:47:12,902  INFO    [600/1000] buttertee: 214 events saved
2026-04-12 12:47:13,515  INFO    Tag cache flushed (37,359 entries).
2026-04-12 12:49:11,509  INFO    [601/1000] pauladaunt: 400 events saved
2026-04-12 12:53:23,465  INFO    [602/1000] SirAlecHendrix: 400 events saved
2026-04-12 12:54:31,463  INFO    [603/1000] hatethat: 400 events saved
2026-04-12 12:54:34,432  INFO    [604/1000] kubadab: 400 events saved
2026-04-12 12:56:29,749  INFO    [605/1000] cell_44: 400 events saved
2026-04-12 12:58:45,690  INFO    [606/1000] Celuie: 400 events saved
2026-04-12 13:00:25,077  INFO    [607/1000] Kaesespaetzle: 400 events saved
2026-04-12 13:02:36,096  INFO    [608/1000] shinohala: 400 events saved
2026-04-12 13:04:14,379  INFO    [609/1000] Bradrj1029: 400 events saved
2026-04-12 13:05:54,654  INFO    [610/1000] platinumhands: 400 events saved
2026-04-12 13:05:57,623  INFO    [611/1000] franpuccino: 400 events saved
2026-04-12 13:06:15,271  INFO    [612/1000] plasticpark: 400 events saved
2026-04-12 13:06:38,974  INFO    [613/1000] eriiiiiiiiin: 400 events saved
2026-04-12 13:07:34,236  INFO    [614/1000] tobuildahome: 400 events saved
2026-04-12 13:08:20,457  INFO    [615/1000] adtr_182: 400 events saved
2026-04-12 13:08:23,282  INFO    [616/1000] myboyrelton: 400 events saved
2026-04-12 13:09:02,596  INFO    [617/1000] emmmamcd: 400 events saved
2026-04-12 13:09:16,060  INFO    [618/1000] noksie83: 400 events saved
2026-04-12 13:10:03,789  INFO    [619/1000] sachee143: 400 events saved
2026-04-12 13:10:45,562  INFO    [620/1000] yoyart: 400 events saved
2026-04-12 13:11:06,359  INFO    [621/1000] lescbl09: 400 events saved
2026-04-12 13:11:31,691  INFO    [622/1000] versja09: 400 events saved
2026-04-12 13:11:38,621  INFO    [623/1000] sambosonoframbo: 400 events saved
2026-04-12 13:11:42,684  INFO    [624/1000] josh____: 400 events saved
2026-04-12 13:12:21,865  INFO    [625/1000] BigPoppa807: 400 events saved
2026-04-12 13:12:22,228  INFO    Tag cache flushed (38,344 entries).
2026-04-12 13:12:49,255  INFO    [626/1000] thestrokeslover: 400 events saved
2026-04-12 13:13:38,705  INFO    [627/1000] MetallicaBen: 400 events saved
2026-04-12 13:13:55,319  INFO    [628/1000] leo_okane: 400 events saved
2026-04-12 13:15:07,024  INFO    [629/1000] steveloveskim: 400 events saved
2026-04-12 13:17:12,464  INFO    [630/1000] jobaid: 400 events saved
2026-04-12 13:17:37,544  INFO    [631/1000] Finklips: 400 events saved
2026-04-12 13:18:23,392  INFO    [632/1000] luvz2spooge: 400 events saved
2026-04-12 13:18:35,458  INFO    [633/1000] Grace_Ox: 400 events saved
2026-04-12 13:18:45,505  INFO    [634/1000] Hyoajin: 400 events saved
2026-04-12 13:19:13,709  INFO    [635/1000] chelctaylor: 400 events saved
2026-04-12 13:19:51,382  INFO    [636/1000] majellos-182: 400 events saved
2026-04-12 13:20:08,916  INFO    [637/1000] Emmawalkey: 400 events saved
2026-04-12 13:20:38,515  INFO    [638/1000] clairebrodie: 400 events saved
2026-04-12 13:21:32,863  INFO    [639/1000] aidang-ntr: 400 events saved
2026-04-12 13:21:47,258  INFO    [640/1000] Gripping: 400 events saved
2026-04-12 13:22:01,736  INFO    [641/1000] jackainscough: 400 events saved
2026-04-12 13:22:10,210  INFO    [642/1000] shelley321: 400 events saved
2026-04-12 13:22:49,625  INFO    [643/1000] alicehn001: 400 events saved
2026-04-12 13:23:20,800  INFO    [644/1000] karlalopez: 400 events saved
2026-04-12 13:24:13,171  INFO    [645/1000] antok: 400 events saved
2026-04-12 13:26:08,666  INFO    [646/1000] Drummel: 376 events saved
2026-04-12 13:26:30,860  INFO    [647/1000] markusrenberg: 400 events saved
2026-04-12 13:28:12,127  INFO    [648/1000] por: 400 events saved
2026-04-12 13:28:35,157  INFO    [649/1000] fonkeh: 400 events saved
2026-04-12 13:29:16,930  INFO    [650/1000] dBackie: 400 events saved
2026-04-12 13:29:17,121  INFO    Tag cache flushed (39,012 entries).
2026-04-12 13:29:48,446  INFO    [651/1000] Yoshumitsu: 400 events saved
2026-04-12 13:30:46,425  INFO    [652/1000] Murvid: 400 events saved
2026-04-12 13:32:53,691  INFO    [653/1000] kvakki: 400 events saved
2026-04-12 13:33:44,321  INFO    [654/1000] barnacleboy: 400 events saved
2026-04-12 13:35:39,802  INFO    [655/1000] queenvanilla: 400 events saved
2026-04-12 13:36:03,819  INFO    [656/1000] monkeycid: 400 events saved
2026-04-12 13:36:49,480  INFO    [657/1000] scottisch: 400 events saved
2026-04-12 13:37:01,572  INFO    [658/1000] sheelasubramani: 400 events saved
2026-04-12 13:38:15,833  INFO    [659/1000] McLovin80: 400 events saved
2026-04-12 13:38:20,115  INFO    [660/1000] Nova727: 400 events saved
2026-04-12 13:38:36,078  INFO    [661/1000] chd209: 400 events saved
2026-04-12 13:39:01,318  INFO    [662/1000] georgetv: 400 events saved
2026-04-12 13:39:43,638  INFO    [663/1000] gdubs32: 400 events saved
2026-04-12 13:40:02,431  INFO    [664/1000] spencerhyman: 400 events saved
2026-04-12 13:40:24,640  INFO    [665/1000] marauder404: 400 events saved
2026-04-12 13:40:38,962  INFO    [666/1000] menardnyc: 400 events saved
2026-04-12 13:40:46,193  INFO    [667/1000] EJWCbsnews: 400 events saved
2026-04-12 13:42:25,014  INFO    [668/1000] johnbgoogle: 400 events saved
2026-04-12 13:43:31,348  INFO    [669/1000] quincysmith: 400 events saved
2026-04-12 13:44:32,708  INFO    [670/1000] TobiTobes: 400 events saved
2026-04-12 13:45:01,909  INFO    [671/1000] miqualicious: 400 events saved
2026-04-12 13:45:40,647  INFO    [672/1000] Radius_Vector: 400 events saved
2026-04-12 13:45:46,002  INFO    [673/1000] janeshinowski: 400 events saved
2026-04-12 13:46:22,268  INFO    [674/1000] polsterdk: 400 events saved
2026-04-12 13:47:17,460  INFO    [675/1000] matisas: 400 events saved
2026-04-12 13:47:17,660  INFO    Tag cache flushed (39,721 entries).
2026-04-12 13:49:25,465  INFO    [676/1000] discordianfish: 400 events saved
2026-04-12 13:50:15,383  INFO    [677/1000] benfawkes: 400 events saved
2026-04-12 13:50:36,255  INFO    [678/1000] yvg: 400 events saved
2026-04-12 13:51:06,195  INFO    [679/1000] wund3rkind: 400 events saved
2026-04-12 13:51:14,675  INFO    [680/1000] stigi_de: 400 events saved
2026-04-12 13:52:03,358  INFO    [681/1000] thefronx: 400 events saved
2026-04-12 13:53:15,078  INFO    [682/1000] KilianValkhof: 400 events saved
2026-04-12 13:54:05,169  INFO    [683/1000] qmiq: 400 events saved
2026-04-12 13:55:11,463  INFO    [684/1000] steaner: 400 events saved
2026-04-12 13:57:15,754  INFO    [685/1000] KlaraLicht: 400 events saved
2026-04-12 13:59:29,398  INFO    [686/1000] Juice10: 400 events saved
2026-04-12 14:00:29,610  INFO    [687/1000] FauneRevol: 400 events saved
2026-04-12 14:01:44,619  INFO    [688/1000] Wahiba: 400 events saved
2026-04-12 14:03:43,274  INFO    [689/1000] lempsink: 400 events saved
2026-04-12 14:04:17,529  INFO    [690/1000] HeinTrein: 400 events saved
2026-04-12 14:05:50,454  INFO    [691/1000] haarts: 400 events saved
2026-04-12 14:06:59,820  INFO    [692/1000] hildesmetsers: 400 events saved
2026-04-12 14:08:03,369  INFO    [693/1000] rbrave: 400 events saved
2026-04-12 14:08:46,085  INFO    [694/1000] roelandp: 400 events saved
2026-04-12 14:08:58,609  INFO    [695/1000] Retangled: 400 events saved
2026-04-12 14:09:19,418  INFO    [696/1000] bingoneed: 400 events saved
2026-04-12 14:09:30,232  INFO    [697/1000] BlueAce: 400 events saved
2026-04-12 14:10:38,259  INFO    [698/1000] ridzz: 400 events saved
2026-04-12 14:11:59,254  INFO    [699/1000] robsimon: 400 events saved
2026-04-12 14:12:23,096  INFO    [700/1000] jeffuzzz: 400 events saved
2026-04-12 14:12:23,299  INFO    Tag cache flushed (40,756 entries).
2026-04-12 14:13:00,044  INFO    [701/1000] brammuller: 400 events saved
2026-04-12 14:13:58,052  INFO    [702/1000] joepvl: 400 events saved
2026-04-12 14:14:20,990  INFO    [703/1000] Blue_Airplane: 400 events saved
2026-04-12 14:14:28,518  INFO    [704/1000] chilster22: 400 events saved
2026-04-12 14:15:31,866  INFO    [705/1000] mroumen: 400 events saved
2026-04-12 14:15:49,296  INFO    [706/1000] RubenRuben: 400 events saved
2026-04-12 14:16:09,123  INFO    [707/1000] SETIBBIG: 400 events saved
2026-04-12 14:16:55,728  INFO    [708/1000] Tonneke: 400 events saved
2026-04-12 14:18:36,531  INFO    [709/1000] roderojo: 400 events saved
2026-04-12 14:18:50,004  INFO    [710/1000] vandenb: 400 events saved
2026-04-12 14:19:41,999  INFO    [711/1000] webschepper: 400 events saved
2026-04-12 14:20:13,057  INFO    [712/1000] oscarkneppers: 400 events saved
2026-04-12 14:20:56,529  INFO    [713/1000] artisdepartis: 400 events saved
2026-04-12 14:21:51,994  INFO    [714/1000] raccles: 400 events saved
2026-04-12 14:22:18,229  INFO    [715/1000] stephferrao: 400 events saved
2026-04-12 14:22:38,107  INFO    [716/1000] danieljplatt: 400 events saved
2026-04-12 14:23:50,050  INFO    [717/1000] missherpicture: 400 events saved
2026-04-12 14:24:20,092  INFO    [718/1000] happyhours: 400 events saved
2026-04-12 14:24:28,594  INFO    [719/1000] katty1988: 288 events saved
2026-04-12 14:24:47,129  INFO    [720/1000] cyrilthemonkey: 400 events saved
2026-04-12 14:25:18,435  INFO    [721/1000] loopylou89: 400 events saved
2026-04-12 14:25:46,217  INFO    [722/1000] KFKangaroo: 400 events saved
2026-04-12 14:25:53,197  INFO    [723/1000] jannerjake: 400 events saved
2026-04-12 14:26:07,436  INFO    [724/1000] infinity-milk: 400 events saved
2026-04-12 14:27:02,786  INFO    [725/1000] Kindafruitcake: 400 events saved
2026-04-12 14:27:03,056  INFO    Tag cache flushed (41,365 entries).
2026-04-12 14:27:57,326  INFO    [726/1000] GrizzledDwarf: 400 events saved
2026-04-12 14:28:07,615  INFO    [727/1000] IzyJude: 400 events saved
2026-04-12 14:28:16,203  INFO    [728/1000] cheap_mondays: 400 events saved
2026-04-12 14:28:32,255  INFO    [729/1000] tomietippie: 400 events saved
2026-04-12 14:29:18,892  INFO    [730/1000] KiraCakes: 400 events saved
2026-04-12 14:29:46,773  INFO    [731/1000] kathryn_is_cool: 400 events saved
2026-04-12 14:30:22,976  INFO    [732/1000] lozzermeht: 400 events saved
2026-04-12 14:31:18,978  INFO    [733/1000] shanahanss: 400 events saved
2026-04-12 14:32:02,100  INFO    [734/1000] Chrismeht313: 400 events saved
2026-04-12 14:32:19,268  INFO    [735/1000] samlewis45: 400 events saved
2026-04-12 14:32:34,110  INFO    [736/1000] i_am_new: 400 events saved
2026-04-12 14:32:45,511  INFO    [737/1000] annabel-rules: 400 events saved
2026-04-12 14:33:09,952  INFO    [738/1000] GeorginaW: 396 events saved
2026-04-12 14:33:15,366  INFO    [739/1000] sophie_wophie: 264 events saved
2026-04-12 14:33:42,603  INFO    [740/1000] MParekh: 400 events saved
2026-04-12 14:34:04,969  INFO    [741/1000] sethgoldstein: 400 events saved
2026-04-12 14:36:56,621  INFO    [742/1000] gideon: 400 events saved
2026-04-12 14:38:19,152  INFO    [743/1000] suthakamal: 400 events saved
2026-04-12 14:38:42,318  INFO    [744/1000] jkopelman: 297 events saved
2026-04-12 14:39:56,996  INFO    [745/1000] miketrap: 400 events saved
2026-04-12 14:40:19,366  INFO    [746/1000] neilrimer: 400 events saved
2026-04-12 14:41:01,586  INFO    [747/1000] crshamburg: 400 events saved
2026-04-12 14:41:45,569  INFO    [748/1000] dinorimere: 400 events saved
2026-04-12 14:41:56,932  INFO    [749/1000] Iteadic: 400 events saved
2026-04-12 14:42:04,841  INFO    [750/1000] Irsedoi: 400 events saved
2026-04-12 14:42:05,094  INFO    Tag cache flushed (41,931 entries).
2026-04-12 14:42:41,991  INFO    [751/1000] antus: 400 events saved
2026-04-12 14:42:51,470  INFO    [752/1000] Amylou1987: 400 events saved
2026-04-12 14:43:31,608  INFO    [753/1000] absurd_ella: 400 events saved
2026-04-12 14:44:23,429  INFO    [754/1000] Beetlesworth: 400 events saved
2026-04-12 14:45:15,966  INFO    [755/1000] SnOwbe: 400 events saved
2026-04-12 14:45:46,825  INFO    [756/1000] alcxxk: 400 events saved
2026-04-12 14:46:02,373  INFO    [757/1000] MakikoListening: 400 events saved
2026-04-12 14:47:46,170  INFO    [758/1000] takaem: 400 events saved
2026-04-12 14:47:50,362  INFO    [759/1000] magictina: 400 events saved
2026-04-12 14:50:06,067  INFO    [760/1000] elklacko: 400 events saved
2026-04-12 14:51:01,079  INFO    [761/1000] MarKan: 400 events saved
2026-04-12 14:52:00,996  INFO    [762/1000] bradley_python: 400 events saved
2026-04-12 14:52:43,416  INFO    [763/1000] juliasven: 400 events saved
2026-04-12 14:53:19,965  INFO    [764/1000] LeJeff: 400 events saved
2026-04-12 14:54:33,308  INFO    [765/1000] nonobody: 400 events saved
2026-04-12 14:55:59,122  INFO    [766/1000] Ltnagnelli: 400 events saved
2026-04-12 14:56:11,916  INFO    [767/1000] PsychoSaurus: 400 events saved
2026-04-12 14:56:28,136  INFO    [768/1000] newman_: 400 events saved
2026-04-12 14:57:04,666  INFO    [769/1000] aidan_hampson: 400 events saved
2026-04-12 14:58:58,002  INFO    [770/1000] alexxmi: 400 events saved
2026-04-12 14:59:42,914  INFO    [771/1000] Streetsleeper: 400 events saved
2026-04-12 15:00:19,658  INFO    [772/1000] Synapse-: 400 events saved
2026-04-12 15:01:43,316  INFO    [773/1000] Chewthefat: 400 events saved
2026-04-12 15:01:55,648  INFO    [774/1000] riotgrrrly: 400 events saved
2026-04-12 15:02:08,399  INFO    [775/1000] Ched: 400 events saved
2026-04-12 15:02:08,787  INFO    Tag cache flushed (42,708 entries).
2026-04-12 15:02:26,089  INFO    [776/1000] Izzyfleur: 131 events saved
2026-04-12 15:02:45,599  INFO    [777/1000] RagnarokUK: 400 events saved
2026-04-12 15:05:53,117  INFO    [778/1000] cxyl: 400 events saved
2026-04-12 15:08:30,125  INFO    [779/1000] blackblackdave: 400 events saved
2026-04-12 15:09:00,267  INFO    [780/1000] poooponastick: 400 events saved
2026-04-12 15:10:35,449  INFO    [781/1000] wojtek-ww: 400 events saved
2026-04-12 15:11:11,226  INFO    [782/1000] yearunknown: 400 events saved
2026-04-12 15:12:20,353  INFO    [783/1000] binaryparadox: 400 events saved
2026-04-12 15:14:36,083  INFO    [784/1000] gizmoguy: 400 events saved
2026-04-12 15:16:44,302  INFO    [785/1000] hughd: 400 events saved
2026-04-12 15:17:39,977  INFO    [786/1000] evemassacre: 400 events saved
2026-04-12 15:17:59,012  INFO    [787/1000] rboyce: 400 events saved
2026-04-12 15:19:49,916  INFO    [788/1000] qf8: 400 events saved
2026-04-12 15:20:31,377  INFO    [789/1000] MichaelMcGee: 400 events saved
2026-04-12 15:21:56,443  INFO    [790/1000] Heewa: 400 events saved
2026-04-12 15:23:17,289  INFO    [791/1000] maya_papaya19: 400 events saved
2026-04-12 15:24:06,550  INFO    [792/1000] juliamae: 400 events saved
2026-04-12 15:25:36,528  INFO    [793/1000] vic_fabrice: 400 events saved
2026-04-12 15:27:37,040  INFO    [794/1000] robad: 400 events saved
2026-04-12 15:28:53,523  INFO    [795/1000] f30: 400 events saved
2026-04-12 15:29:02,891  INFO    [796/1000] floodersha: 400 events saved
2026-04-12 15:29:29,219  INFO    [797/1000] flipthecat: 400 events saved
2026-04-12 15:29:48,812  INFO    [798/1000] thricedotted: 400 events saved
2026-04-12 15:30:42,583  INFO    [799/1000] raisecain: 400 events saved
2026-04-12 15:31:23,051  INFO    [800/1000] antipasta: 400 events saved
2026-04-12 15:31:23,314  INFO    Tag cache flushed (43,857 entries).
2026-04-12 15:31:41,331  INFO    [801/1000] invisiblebro: 400 events saved
2026-04-12 15:32:37,874  INFO    [802/1000] ednapiranha: 400 events saved
2026-04-12 15:33:00,028  INFO    [803/1000] toylike: 400 events saved
2026-04-12 15:33:52,113  INFO    [804/1000] djladybyrd: 400 events saved
2026-04-12 15:35:10,021  INFO    [805/1000] jokur: 400 events saved
2026-04-12 15:36:20,221  INFO    [806/1000] danfinkelstein: 400 events saved
2026-04-12 15:36:37,848  INFO    [807/1000] bonbro: 400 events saved
2026-04-12 15:38:47,366  INFO    [808/1000] J3nnings: 400 events saved
2026-04-12 15:40:33,882  INFO    [809/1000] maura: 400 events saved
2026-04-12 15:41:22,501  INFO    [810/1000] dj-mulher: 400 events saved
2026-04-12 15:43:02,165  INFO    [811/1000] groovinkim: 400 events saved
2026-04-12 15:43:51,092  INFO    [812/1000] renatovaldes: 400 events saved
2026-04-12 15:44:32,249  INFO    [813/1000] molloy_hh: 400 events saved
2026-04-12 15:47:31,216  INFO    [814/1000] NNME: 400 events saved
2026-04-12 15:48:32,916  INFO    [815/1000] aninhascl: 400 events saved
2026-04-12 15:49:43,510  INFO    [816/1000] darwinx0r: 400 events saved
2026-04-12 15:49:57,488  INFO    [817/1000] anapaulapj: 400 events saved
2026-04-12 15:52:20,752  INFO    [818/1000] iamsolazzy: 400 events saved
2026-04-12 15:53:02,889  INFO    [819/1000] mlee525: 400 events saved
2026-04-12 15:55:11,599  INFO    [820/1000] sebisthlm: 400 events saved
2026-04-12 15:58:08,784  INFO    [821/1000] beglen: 400 events saved
2026-04-12 15:59:15,272  INFO    [822/1000] Breefield: 400 events saved
2026-04-12 15:59:37,712  INFO    [823/1000] ethulhu: 400 events saved
2026-04-12 16:01:24,808  INFO    [824/1000] 0xDEAD: 400 events saved
2026-04-12 16:03:03,050  INFO    [825/1000] Rhapsody88: 400 events saved
2026-04-12 16:03:03,296  INFO    Tag cache flushed (45,116 entries).
2026-04-12 16:04:47,479  INFO    [826/1000] sabattier: 400 events saved
2026-04-12 16:06:12,758  INFO    [827/1000] 1stepkloser: 400 events saved
2026-04-12 16:06:26,428  INFO    [828/1000] siewier: 400 events saved
2026-04-12 16:07:22,251  INFO    [829/1000] spurvmanage: 100 events saved
2026-04-12 16:07:25,406  INFO    [830/1000] Saruimi: 131 events saved
2026-04-12 16:07:40,823  INFO    [831/1000] kristi_gail: 400 events saved
2026-04-12 16:08:30,768  INFO    [832/1000] DarkSongs: 400 events saved
2026-04-12 16:10:01,706  INFO    [833/1000] buckwellandco: 400 events saved
2026-04-12 16:11:45,640  INFO    [834/1000] kittycollartight: 400 events saved
2026-04-12 16:13:27,756  INFO    [835/1000] aozoracomics: 400 events saved
2026-04-12 16:14:03,772  INFO    [836/1000] FlameCrowned: 400 events saved
2026-04-12 16:15:01,736  INFO    [837/1000] DeathBoy: 400 events saved
2026-04-12 16:16:04,912  INFO    [838/1000] Chaturga: 400 events saved
2026-04-12 16:16:43,005  INFO    [839/1000] vasqa: 400 events saved
2026-04-12 16:16:59,951  INFO    [840/1000] Girl-illa: 400 events saved
2026-04-12 16:17:24,787  INFO    [841/1000] generalbretch: 400 events saved
2026-04-12 16:19:23,980  INFO    [842/1000] theJackalnz: 400 events saved
2026-04-12 16:22:19,900  INFO    [843/1000] jedipunknerd: 400 events saved
2026-04-12 16:23:04,241  INFO    [844/1000] Dataforce: 400 events saved
2026-04-12 16:24:07,569  INFO    [845/1000] dambay: 400 events saved
2026-04-12 16:24:27,949  INFO    [846/1000] njatr_band: 400 events saved
2026-04-12 16:24:58,979  INFO    [847/1000] The4thFloor: 400 events saved
2026-04-12 16:25:37,068  INFO    [848/1000] jakubukaj: 400 events saved
2026-04-12 16:26:40,407  INFO    [849/1000] MaxTonyMusic: 400 events saved
2026-04-12 16:27:12,052  INFO    [850/1000] santadied: 400 events saved
2026-04-12 16:27:12,505  INFO    Tag cache flushed (46,086 entries).
2026-04-12 16:27:22,592  INFO    [851/1000] dundez: 400 events saved
2026-04-12 16:28:03,854  INFO    [852/1000] fredwilson: 400 events saved
2026-04-12 16:28:58,488  INFO    [853/1000] Philine18: 400 events saved
2026-04-12 16:29:47,841  INFO    [854/1000] aquaindianer: 400 events saved
2026-04-12 16:30:09,389  INFO    [855/1000] yoy2: 189 events saved
2026-04-12 16:30:56,196  INFO    [856/1000] michiton: 400 events saved
2026-04-12 16:31:30,397  INFO    [857/1000] fomichi: 400 events saved
2026-04-12 16:32:12,686  INFO    [858/1000] fL0urish: 400 events saved
2026-04-12 16:32:29,538  INFO    [859/1000] klbostee: 400 events saved
2026-04-12 16:32:52,973  INFO    [860/1000] noobert: 157 events saved
2026-04-12 16:34:05,593  INFO    [861/1000] pichfl: 400 events saved
2026-04-12 16:34:35,216  INFO    [862/1000] LastXmas: 152 events saved
2026-04-12 16:34:51,916  INFO    [863/1000] Alotta_Vagina: 400 events saved
2026-04-12 16:36:55,207  INFO    [864/1000] Llasse: 400 events saved
2026-04-12 16:37:45,890  INFO    [865/1000] Pittajr: 400 events saved
2026-04-12 16:38:15,330  INFO    [866/1000] ashleywhoops: 400 events saved
2026-04-12 16:38:18,196  INFO    [867/1000] Litaken: 400 events saved
2026-04-12 16:38:26,749  INFO    [868/1000] Ceverilic: 400 events saved
2026-04-12 16:38:31,457  INFO    [869/1000] Prongerza: 400 events saved
2026-04-12 16:40:15,445  INFO    [870/1000] j__k__: 400 events saved
2026-04-12 16:42:26,609  INFO    [871/1000] dty1: 400 events saved
2026-04-12 16:42:40,780  INFO    [872/1000] booanalu: 400 events saved
2026-04-12 16:42:48,109  INFO    [873/1000] desssie: 400 events saved
2026-04-12 16:42:54,620  INFO    [874/1000] Pasha_Kovalev: 400 events saved
2026-04-12 16:43:07,720  INFO    [875/1000] angelia2041: 400 events saved
2026-04-12 16:43:08,009  INFO    Tag cache flushed (46,699 entries).
2026-04-12 16:43:22,441  INFO    [876/1000] elenhuynh: 400 events saved
2026-04-12 16:44:01,421  INFO    [877/1000] Stereo__Baby: 400 events saved
2026-04-12 16:45:45,204  INFO    [878/1000] damiencaselli: 400 events saved
2026-04-12 16:46:00,791  INFO    [879/1000] SgtDuty: 400 events saved
2026-04-12 16:46:07,025  INFO    [880/1000] tishe11: 400 events saved
2026-04-12 16:49:29,605  INFO    [881/1000] ties1980: 400 events saved
2026-04-12 16:51:01,055  INFO    [882/1000] gypsydeath67: 400 events saved
2026-04-12 16:51:43,776  INFO    [883/1000] yoxmara: 400 events saved
2026-04-12 16:52:13,767  INFO    [884/1000] alse01ab: 400 events saved
2026-04-12 16:53:08,372  INFO    [885/1000] Domino-chan: 400 events saved
2026-04-12 16:53:41,115  INFO    [886/1000] markcollins72: 400 events saved
2026-04-12 16:54:06,165  INFO    [887/1000] msteadman: 400 events saved
2026-04-12 16:54:41,503  INFO    [888/1000] misspennylane: 400 events saved
2026-04-12 16:55:50,481  INFO    [889/1000] Rem_: 400 events saved
2026-04-12 16:56:26,721  INFO    [890/1000] tralalaaaaa: 400 events saved
2026-04-12 16:57:17,671  INFO    [891/1000] mcassius: 400 events saved
2026-04-12 16:57:41,928  INFO    [892/1000] Unbelievable: 400 events saved
2026-04-12 16:58:10,712  INFO    [893/1000] JonBcn: 400 events saved
2026-04-12 17:00:41,323  INFO    [894/1000] posterchild123: 400 events saved
2026-04-12 17:00:58,279  INFO    [895/1000] deltaemvenus: 400 events saved
2026-04-12 17:02:14,943  INFO    [896/1000] PaltaTemeraria: 400 events saved
2026-04-12 17:06:37,218  INFO    [897/1000] BigManRestless: 400 events saved
2026-04-12 17:06:50,888  INFO    [898/1000] aexhann: 400 events saved
2026-04-12 17:08:53,980  INFO    [899/1000] Kizna: 400 events saved
2026-04-12 17:09:14,195  INFO    [900/1000] MrAddams: 400 events saved
2026-04-12 17:09:14,486  INFO    Tag cache flushed (47,826 entries).
2026-04-12 17:09:17,805  INFO    [901/1000] DidPxreaReturn: 400 events saved
2026-04-12 17:12:09,732  INFO    [902/1000] bbcradio1: 400 events saved
2026-04-12 17:12:22,314  INFO    [903/1000] sebas_lp: 400 events saved
2026-04-12 17:12:42,375  INFO    [904/1000] mgpixlab: 400 events saved
2026-04-12 17:12:54,664  INFO    [905/1000] ferhood: 400 events saved
2026-04-12 17:13:40,409  INFO    [906/1000] pxrea: 400 events saved
2026-04-12 17:14:40,903  INFO    [907/1000] anona_: 400 events saved
2026-04-12 17:14:49,737  INFO    [908/1000] paul1971: 400 events saved
2026-04-12 17:15:08,606  INFO    [909/1000] ivannaguley: 400 events saved
2026-04-12 17:15:31,043  INFO    [910/1000] DDWinters: 400 events saved
2026-04-12 17:16:49,981  INFO    [911/1000] koolherc11111: 400 events saved
2026-04-12 17:16:56,128  INFO    [912/1000] Luard: 400 events saved
2026-04-12 17:18:07,454  INFO    [913/1000] duners8o8: 400 events saved
2026-04-12 17:18:40,849  INFO    [914/1000] AnnLovesArt: 400 events saved
2026-04-12 17:18:54,849  INFO    [915/1000] sh4di: 400 events saved
2026-04-12 17:21:10,527  INFO    [916/1000] kokoona: 400 events saved
2026-04-12 17:21:54,198  INFO    [917/1000] NoeRickman: 400 events saved
2026-04-12 17:22:06,283  INFO    [918/1000] whitemidi: 400 events saved
2026-04-12 17:23:39,977  INFO    [919/1000] jor_x: 400 events saved
2026-04-12 17:25:03,773  INFO    [920/1000] chewtoy: 400 events saved
2026-04-12 17:25:34,911  INFO    [921/1000] FU2RH3D: 400 events saved
2026-04-12 17:27:44,952  INFO    [922/1000] scentMaster: 400 events saved
2026-04-12 17:28:02,591  INFO    [923/1000] SilverSoundz: 400 events saved
2026-04-12 17:28:49,718  INFO    [924/1000] sunwards: 400 events saved
2026-04-12 17:31:00,346  INFO    [925/1000] reosarevok: 400 events saved
2026-04-12 17:31:00,616  INFO    Tag cache flushed (48,767 entries).
2026-04-12 17:31:31,912  INFO    [926/1000] francis_bone: 400 events saved
2026-04-12 17:32:10,252  INFO    [927/1000] zdjuna: 400 events saved
2026-04-12 17:32:49,396  INFO    [928/1000] inchmix: 400 events saved
2026-04-12 17:33:04,481  INFO    [929/1000] OrlandoAKANandy: 400 events saved
2026-04-12 17:33:19,196  INFO    [930/1000] mellowdoubt: 400 events saved
2026-04-12 17:35:35,039  INFO    [931/1000] James-Joul: 400 events saved
2026-04-12 17:35:45,493  INFO    [932/1000] yagaminatan: 400 events saved
2026-04-12 17:35:55,284  INFO    [933/1000] Lyla27: 400 events saved
2026-04-12 17:36:45,065  INFO    [934/1000] thenightlamps: 400 events saved
2026-04-12 17:37:03,508  INFO    [935/1000] infectedmodes: 400 events saved
2026-04-12 17:37:13,414  INFO    [936/1000] stronzochilegge: 400 events saved
2026-04-12 17:37:22,586  INFO    [937/1000] heloiise: 113 events saved
2026-04-12 17:37:36,419  INFO    [938/1000] painflowerz: 400 events saved
2026-04-12 17:38:48,302  INFO    [939/1000] Bisoux: 400 events saved
2026-04-12 17:39:44,554  INFO    [940/1000] Biappi: 400 events saved
2026-04-12 17:41:08,036  INFO    [941/1000] tsutomu83: 400 events saved
2026-04-12 17:41:57,248  INFO    [942/1000] jobby_: 400 events saved
2026-04-12 17:43:14,170  INFO    [943/1000] mknx: 400 events saved
2026-04-12 17:44:23,788  INFO    [944/1000] b2b69: 400 events saved
2026-04-12 17:45:58,131  INFO    [945/1000] musicletter: 400 events saved
2026-04-12 17:46:23,613  INFO    [946/1000] hjtadros: 400 events saved
2026-04-12 17:46:57,302  INFO    [947/1000] justanotherider: 400 events saved
2026-04-12 17:47:46,548  INFO    [948/1000] dinnycharrel: 400 events saved
2026-04-12 17:48:44,397  INFO    [949/1000] Sifan: 106 events saved
2026-04-12 17:48:50,136  INFO    [950/1000] eelst: 400 events saved
2026-04-12 17:48:50,373  INFO    Tag cache flushed (49,492 entries).
2026-04-12 17:49:45,486  INFO    [951/1000] uagfx: 400 events saved
2026-04-12 17:50:24,498  INFO    [952/1000] DYKim: 400 events saved
2026-04-12 17:54:08,290  INFO    [953/1000] QwakQwak: 400 events saved
2026-04-12 17:55:15,003  INFO    [954/1000] Negweela: 400 events saved
2026-04-12 17:55:52,070  INFO    [955/1000] hexholden: 400 events saved
2026-04-12 17:57:58,025  INFO    [956/1000] loimi78: 400 events saved
2026-04-12 17:59:02,020  INFO    [957/1000] FedericaD: 400 events saved
2026-04-12 17:59:56,802  INFO    [958/1000] itzoccor: 400 events saved
2026-04-12 18:00:07,910  INFO    [959/1000] Greg_J: 272 events saved
2026-04-12 18:00:43,191  INFO    [960/1000] DMPDahNee: 400 events saved
2026-04-12 18:00:55,274  INFO    [961/1000] buscemigiuseppe: 400 events saved
2026-04-12 18:01:18,318  INFO    [962/1000] ToreFlo: 400 events saved
2026-04-12 18:01:43,863  INFO    [963/1000] JossyJ: 398 events saved
2026-04-12 18:02:50,272  INFO    [964/1000] escheriano: 400 events saved
2026-04-12 18:04:00,668  INFO    [965/1000] vero_84: 400 events saved
2026-04-12 18:04:21,559  INFO    [966/1000] odioilcarcere: 400 events saved
2026-04-12 18:05:53,511  INFO    [967/1000] ChinaLastfm: 398 events saved
2026-04-12 18:07:18,717  INFO    [968/1000] pilarguerrero: 400 events saved
2026-04-12 18:08:28,134  INFO    [969/1000] Janini2006: 400 events saved
2026-04-12 18:10:08,075  INFO    [970/1000] Wizpig: 400 events saved
2026-04-12 18:11:54,671  INFO    [971/1000] cosensationLFL: 400 events saved
2026-04-12 18:12:45,414  INFO    [972/1000] mahabharata: 400 events saved
2026-04-12 18:13:50,801  INFO    [973/1000] linearnetrik: 400 events saved
2026-04-12 18:15:30,580  INFO    [974/1000] regismikail: 400 events saved
2026-04-12 18:17:23,949  INFO    [975/1000] AlexEgan: 400 events saved
2026-04-12 18:17:24,195  INFO    Tag cache flushed (50,618 entries).
2026-04-12 18:17:35,764  INFO    [976/1000] PlaukiusRaugyla: 400 events saved
2026-04-12 18:18:21,347  INFO    [977/1000] ondanera: 400 events saved
2026-04-12 18:18:39,159  INFO    [978/1000] ayemye: 400 events saved
2026-04-12 18:19:20,895  INFO    [979/1000] fletch242: 400 events saved
2026-04-12 18:21:44,106  INFO    [980/1000] MadameClaude: 400 events saved
2026-04-12 18:23:30,114  INFO    [981/1000] Luca_Neon: 400 events saved
2026-04-12 18:24:01,704  INFO    [982/1000] pmeyer: 400 events saved
2026-04-12 18:24:38,158  INFO    [983/1000] missjin: 400 events saved
2026-04-12 18:26:30,350  INFO    [984/1000] K1MO: 400 events saved
2026-04-12 18:28:20,473  INFO    [985/1000] Rock-A-Rolla: 400 events saved
2026-04-12 18:30:28,805  INFO    [986/1000] DISK-CTM: 400 events saved
2026-04-12 18:32:05,895  INFO    [987/1000] cptclit: 400 events saved
2026-04-12 18:34:44,029  INFO    [988/1000] Autizt: 400 events saved
2026-04-12 18:35:35,942  INFO    [989/1000] iconberlin: 162 events saved
2026-04-12 18:35:49,882  INFO    [990/1000] Cat777: 400 events saved
2026-04-12 18:37:49,057  INFO    [991/1000] eugenesis: 400 events saved
2026-04-12 18:38:09,997  INFO    [992/1000] Assembly: 400 events saved
2026-04-12 18:39:23,941  INFO    [993/1000] DesireeGomez: 400 events saved
2026-04-12 18:39:54,215  INFO    [994/1000] mattrobotn1k: 400 events saved
2026-04-12 18:40:14,875  INFO    [995/1000] Robotmonk77: 400 events saved
2026-04-12 18:40:33,125  INFO    [996/1000] suicideally: 400 events saved
2026-04-12 18:42:02,156  INFO    [997/1000] tot-z_babouche: 400 events saved
2026-04-12 18:44:15,440  INFO    [998/1000] casanovaaction: 400 events saved
2026-04-12 18:44:42,265  INFO    [999/1000] Lauramay: 400 events saved
2026-04-12 18:47:30,877  INFO    [1000/1000] redorange: 400 events saved
2026-04-12 18:47:31,126  INFO    Tag cache flushed (51,779 entries).
2026-04-12 18:47:31,447  INFO  Collection complete. Tag cache saved (51,779 entries).
2026-04-12 18:47:31,447  INFO  Loading raw events…
2026-04-12 18:47:34,801  INFO    Loaded 394,197 raw events.
2026-04-12 18:47:34,801  INFO  Normalizing tags (lowercase + dedup per track)…
2026-04-12 18:47:36,417  INFO    Unique tags before filter : 25,734
2026-04-12 18:47:36,419  INFO    Tags with freq >= 5       : 10,693
2026-04-12 18:47:36,419  INFO  Filtering tags with freq < 5…
2026-04-12 18:47:39,871  INFO  Preprocessed events saved: C:\Users\blafe\OneDrive\Documents\CMSC198.2\cmsc198.2\phase1_output\preprocessed_events.csv
2026-04-12 18:47:39,938  INFO    With tags    : 374,331
2026-04-12 18:47:39,985  INFO    Without tags : 19,866
2026-04-12 18:47:40,069  INFO  Timestamp validation: removed 0 | retained 394,197
2026-04-12 18:47:41,643  INFO  Dedup (300s window): removed 16,729 | retained 377,468
2026-04-12 18:47:44,594  INFO  Validated events saved: C:\Users\blafe\OneDrive\Documents\CMSC198.2\cmsc198.2\phase1_output\validated_events.csv
2026-04-12 18:47:45,363  INFO  ==================================================
2026-04-12 18:47:45,363  INFO  PHASE 1 DATASET SUMMARY
2026-04-12 18:47:45,363  INFO  ==================================================
2026-04-12 18:47:45,363  INFO    Total users              : 1,000
2026-04-12 18:47:45,364  INFO    Total listening events   : 377,468
2026-04-12 18:47:45,364  INFO    Unique tracks            : 211,433
2026-04-12 18:47:45,539  INFO    Unique tags (post-filter): 10,693
2026-04-12 18:47:45,540  INFO    Avg events per user      : 377.5
2026-04-12 18:47:45,540  INFO    Min / Median / Max events: 57 / 397 / 400
2026-04-12 18:47:45,540  INFO  
2026-04-12 18:47:45,540  INFO    Top 10 tags:
2026-04-12 18:47:46,020  INFO      rock                           118,666
2026-04-12 18:47:46,020  INFO      electronic                     106,289
2026-04-12 18:47:46,020  INFO      indie                          103,072
2026-04-12 18:47:46,020  INFO      american                       98,946
2026-04-12 18:47:46,021  INFO      alternative                    97,495
2026-04-12 18:47:46,021  INFO      pop                            90,826
2026-04-12 18:47:46,021  INFO      british                        75,767
2026-04-12 18:47:46,021  INFO      indie rock                     62,515
2026-04-12 18:47:46,021  INFO      female vocalists               61,562
2026-04-12 18:47:46,022  INFO      alternative rock               56,663
2026-04-12 18:47:48,601  INFO  
Final clean dataset saved: C:\Users\blafe\OneDrive\Documents\CMSC198.2\cmsc198.2\phase1_output\clean_events.csv
2026-04-12 18:47:48,602  INFO  Phase 1 complete. Ready for Phase 2.
